TB548 000:004.802   SEGGER J-Link V9.14a Log File
TB548 000:005.179   DLL Compiled: Jan 28 2026 17:11:52
TB548 000:005.214   Logging started @ 2026-03-30 09:16
TB548 000:005.246   Process: C:\Users\jerry.chen\.eclipse\com.renesas.platform_1435879475\DebugComp\RA\e2-server-gdb.exe
TB548 000:005.319 - 5.310ms 
TB548 000:005.372 JLINK_GetDLLVersion()
TB548 000:005.405 - 0.035ms returns 91401
TB548 000:016.573 JLINK_OpenEx(...)
TB548 000:041.532   Firmware: J-Link OB-RA4M2 compiled Dec 10 2025 15:52:53
TB548 000:042.493   Firmware: J-Link OB-RA4M2 compiled Dec 10 2025 15:52:53
TB548 000:056.999   Hardware: V1.00
TB548 000:057.143   S/N: 1083110448
TB548 000:057.207   OEM: SEGGER
TB548 000:057.283   Feature(s): None
TB548 000:058.299   Bootloader: 2021 May 14
TB548 000:058.767   USB speed mode: Full speed (12 MBit/s)
TB548 000:059.332   TELNET listener socket opened on port 19021
TB548 000:059.675   WEBSRV WEBSRV_Init(): Starting webserver thread(s)
TB548 000:060.243   WEBSRV Webserver running on local port 19080
TB548 000:060.560   Looking for J-Link GUI Server exe at: C:\Users\jerry.chen\.eclipse\com.renesas.platform_1435879475\DebugComp\RA\ARM\Segger_v9.14.1\JLinkGUIServer.exe
TB548 000:060.838   Looking for J-Link GUI Server exe at: C:\Program Files\SEGGER\JLink_V858\JLinkGUIServer.exe
TB548 000:061.099   Forking J-Link GUI Server: C:\Program Files\SEGGER\JLink_V858\JLinkGUIServer.exe
TB548 000:257.368   J-Link GUI Server info: "J-Link GUI server V8.58 "
TB548 000:286.618 - 270.037ms returns "O.K."
TB548 000:287.117 JLINK_TIF_Select(JLINKARM_TIF_SWD)
TB548 000:287.835 - 0.717ms returns 0x00
TB548 000:287.915 JLINK_ClrRESET()
TB548 000:288.122 - 0.206ms 
TB548 000:339.667 JLINK_SetSpeed(1500)
TB548 000:340.328 - 0.677ms 
TB548 000:340.455 JLINK_CORESIGHT_Configure(PerformTIFInit=0)
TB548 000:340.900 - 0.455ms returns 0
TB548 000:340.974 JLINK_CORESIGHT_ReadAPDPReg(DP reg 0x00)
TB548 000:341.484   Value=0x6BA02477
TB548 000:341.564 - 0.595ms returns 0
TB548 000:341.609 JLINK_CORESIGHT_WriteAPDPReg(DP reg 0x00, 0x0000001F)
TB548 000:343.772 - 2.161ms returns 0
TB548 000:343.891 JLINK_CORESIGHT_ReadAPDPReg(DP reg 0x00)
TB548 000:344.161   Value=0x6BA02477
TB548 000:344.239 - 0.348ms returns 0
TB548 000:344.268 JLINK_CORESIGHT_WriteAPDPReg(DP reg 0x02, 0x00000000)
TB548 000:344.527 - 0.259ms returns 0
TB548 000:344.592 JLINK_CORESIGHT_WriteAPDPReg(DP reg 0x01, 0x50000000)
TB548 000:344.860 - 0.269ms returns 0
TB548 000:344.899 JLINK_CORESIGHT_ReadAPDPReg(DP reg 0x01)
TB548 000:345.183   Value=0xF0000040
TB548 000:345.237 - 0.337ms returns 0
TB548 000:345.268 JLINK_CORESIGHT_WriteAPDPReg(DP reg 0x00, 0x0000001F)
TB548 000:345.494 - 0.225ms returns 0
TB548 000:345.529 JLINK_CORESIGHT_ReadAPDPReg(DP reg 0x00)
TB548 000:345.742   Value=0x6BA02477
TB548 000:345.779 - 0.250ms returns 0
TB548 000:345.803 JLINK_CORESIGHT_WriteAPDPReg(DP reg 0x01, 0x54000000)
TB548 000:346.168 - 0.364ms returns 0
TB548 000:346.215 JLINK_CORESIGHT_WriteAPDPReg(DP reg 0x01, 0x50000F00)
TB548 000:346.476 - 0.261ms returns 0
TB548 000:346.504 JLINK_CORESIGHT_WriteAPDPReg(DP reg 0x02, 0x01000000)
TB548 000:346.736 - 0.232ms returns 0
TB548 000:346.764 JLINK_CORESIGHT_WriteAPDPReg(AP reg 0x00, 0x80000002)
TB548 000:346.995 - 0.231ms returns 0
TB548 000:347.023 JLINK_CORESIGHT_WriteAPDPReg(AP reg 0x01, 0x80011100)
TB548 000:347.296 - 0.273ms returns 0
TB548 000:347.325 JLINK_CORESIGHT_WriteAPDPReg(AP reg 0x03, 0x000000A5)
TB548 000:347.538 - 0.213ms returns 0
TB548 000:347.565 JLINK_CORESIGHT_WriteAPDPReg(AP reg 0x00, 0x80000002)
TB548 000:347.774 - 0.208ms returns 0
TB548 000:347.811 JLINK_CORESIGHT_WriteAPDPReg(AP reg 0x01, 0x80011100)
TB548 000:348.182 - 0.371ms returns 0
TB548 000:348.225 JLINK_CORESIGHT_ReadAPDPReg(AP reg 0x03)
TB548 000:348.494   Value=0x000000A5
TB548 000:348.530 - 0.304ms returns 0
TB548 000:348.553 JLINK_ClrTMS()
TB548 000:348.641 - 0.087ms 
TB548 000:353.832 JLINK_SetTCK()
TB548 000:354.115 - 0.283ms returns 0
TB548 000:359.783 JLINK_SetRESET()
TB548 000:359.963 - 0.179ms 
TB548 000:561.000 JLINK_CORESIGHT_WriteAPDPReg(AP reg 0x00, 0x80000002)
TB548 000:561.447 - 0.448ms returns 0
TB548 000:561.515 JLINK_CORESIGHT_WriteAPDPReg(AP reg 0x01, 0x80011100)
TB548 000:561.754 - 0.239ms returns 0
TB548 000:561.808 JLINK_CORESIGHT_ReadAPDPReg(AP reg 0x03)
TB548 000:562.080   Value=0x00000000
TB548 000:562.149 - 0.340ms returns 0
TB548 000:562.192 JLINK_CORESIGHT_WriteAPDPReg(AP reg 0x00, 0x80000002)
TB548 000:562.436 - 0.244ms returns 0
TB548 000:562.487 JLINK_CORESIGHT_WriteAPDPReg(AP reg 0x01, 0x80011140)
TB548 000:562.724 - 0.237ms returns 0
TB548 000:562.778 JLINK_CORESIGHT_ReadAPDPReg(AP reg 0x03)
TB548 000:563.048   Value=0x00000002
TB548 000:563.114 - 0.336ms returns 0
TB548 000:563.155 JLINK_CORESIGHT_WriteAPDPReg(AP reg 0x00, 0x80000002)
TB548 000:563.446 - 0.290ms returns 0
TB548 000:563.512 JLINK_CORESIGHT_WriteAPDPReg(AP reg 0x01, 0x80011120)
TB548 000:563.916 - 0.403ms returns 0
TB548 000:564.057 JLINK_CORESIGHT_WriteAPDPReg(AP reg 0x03, 0x00000055)
TB548 000:564.301 - 0.244ms returns 0
TB548 000:564.354 JLINK_CORESIGHT_WriteAPDPReg(AP reg 0x00, 0x80000002)
TB548 000:564.594 - 0.240ms returns 0
TB548 000:564.624 JLINK_CORESIGHT_WriteAPDPReg(AP reg 0x01, 0x80011140)
TB548 000:564.846 - 0.221ms returns 0
TB548 000:564.914 JLINK_CORESIGHT_ReadAPDPReg(AP reg 0x03)
TB548 000:565.166   Value=0x00000000
TB548 000:565.202 - 0.288ms returns 0
TB548 000:565.228 JLINK_CORESIGHT_WriteAPDPReg(AP reg 0x00, 0x80000002)
TB548 000:565.491 - 0.263ms returns 0
TB548 000:565.520 JLINK_CORESIGHT_WriteAPDPReg(AP reg 0x01, 0x80011130)
TB548 000:565.775 - 0.255ms returns 0
TB548 000:565.806 JLINK_CORESIGHT_ReadAPDPReg(AP reg 0x03)
TB548 000:566.078   Value=0x000000C6
TB548 000:566.137 - 0.331ms returns 0
TB548 000:566.178 JLINK_CORESIGHT_WriteAPDPReg(AP reg 0x00, 0x80000002)
TB548 000:566.439 - 0.261ms returns 0
TB548 000:566.531 JLINK_CORESIGHT_WriteAPDPReg(AP reg 0x01, 0x80011140)
TB548 000:566.785 - 0.254ms returns 0
TB548 000:566.817 JLINK_CORESIGHT_ReadAPDPReg(AP reg 0x03)
TB548 000:567.113   Value=0x00000002
TB548 000:567.166 - 0.349ms returns 0
TB548 000:567.191 JLINK_CORESIGHT_WriteAPDPReg(AP reg 0x00, 0x80000002)
TB548 000:567.423 - 0.232ms returns 0
TB548 000:567.451 JLINK_CORESIGHT_WriteAPDPReg(AP reg 0x01, 0x80011120)
TB548 000:567.852 - 0.400ms returns 0
TB548 000:567.888 JLINK_CORESIGHT_WriteAPDPReg(AP reg 0x03, 0x3A010001)
TB548 000:568.154 - 0.266ms returns 0
TB548 000:568.182 JLINK_CORESIGHT_WriteAPDPReg(AP reg 0x00, 0x80000002)
TB548 000:568.422 - 0.240ms returns 0
TB548 000:568.450 JLINK_CORESIGHT_WriteAPDPReg(AP reg 0x01, 0x80011140)
TB548 000:568.704 - 0.253ms returns 0
TB548 000:568.796 JLINK_CORESIGHT_ReadAPDPReg(AP reg 0x03)
TB548 000:569.071   Value=0x00000002
TB548 000:569.110 - 0.314ms returns 0
TB548 000:569.133 JLINK_CORESIGHT_WriteAPDPReg(AP reg 0x00, 0x80000002)
TB548 000:569.429 - 0.295ms returns 0
TB548 000:569.478 JLINK_CORESIGHT_WriteAPDPReg(AP reg 0x01, 0x80011120)
TB548 000:569.781 - 0.302ms returns 0
TB548 000:569.827 JLINK_CORESIGHT_WriteAPDPReg(AP reg 0x03, 0x000003C5)
TB548 000:570.058 - 0.231ms returns 0
TB548 000:570.093 JLINK_CORESIGHT_WriteAPDPReg(AP reg 0x00, 0x80000002)
TB548 000:570.342 - 0.248ms returns 0
TB548 000:570.451 JLINK_CORESIGHT_WriteAPDPReg(AP reg 0x01, 0x80011140)
TB548 000:570.815 - 0.364ms returns 0
TB548 000:571.744 JLINK_CORESIGHT_ReadAPDPReg(AP reg 0x03)
TB548 000:572.097   Value=0x00000000
TB548 000:572.156 - 0.412ms returns 0
TB548 000:572.182 JLINK_CORESIGHT_WriteAPDPReg(AP reg 0x00, 0x80000002)
TB548 000:572.451 - 0.269ms returns 0
TB548 000:572.537 JLINK_CORESIGHT_WriteAPDPReg(AP reg 0x01, 0x80011130)
TB548 000:572.801 - 0.264ms returns 0
TB548 000:572.858 JLINK_CORESIGHT_ReadAPDPReg(AP reg 0x03)
TB548 000:573.148   Value=0x3A2A0081
TB548 000:573.222 - 0.364ms returns 0
TB548 000:573.266 JLINK_CORESIGHT_WriteAPDPReg(AP reg 0x00, 0x80000002)
TB548 000:573.534 - 0.268ms returns 0
TB548 000:573.593 JLINK_CORESIGHT_WriteAPDPReg(AP reg 0x01, 0x80011140)
TB548 000:573.866 - 0.272ms returns 0
TB548 000:573.975 JLINK_CORESIGHT_ReadAPDPReg(AP reg 0x03)
TB548 000:574.308   Value=0x00000000
TB548 000:574.381 - 0.406ms returns 0
TB548 000:574.423 JLINK_CORESIGHT_WriteAPDPReg(AP reg 0x00, 0x80000002)
TB548 000:574.701 - 0.277ms returns 0
TB548 000:574.773 JLINK_CORESIGHT_WriteAPDPReg(AP reg 0x01, 0x80011130)
TB548 000:575.023 - 0.250ms returns 0
TB548 000:575.081 JLINK_CORESIGHT_ReadAPDPReg(AP reg 0x03)
TB548 000:575.369   Value=0x808D5B00
TB548 000:575.439 - 0.358ms returns 0
TB548 000:575.484 JLINK_CORESIGHT_WriteAPDPReg(AP reg 0x00, 0x80000002)
TB548 000:575.878 - 0.393ms returns 0
TB548 000:575.943 JLINK_CORESIGHT_WriteAPDPReg(AP reg 0x01, 0x80011140)
TB548 000:576.223 - 0.279ms returns 0
TB548 000:576.318 JLINK_CORESIGHT_ReadAPDPReg(AP reg 0x03)
TB548 000:576.636   Value=0x00000000
TB548 000:576.710 - 0.392ms returns 0
TB548 000:576.753 JLINK_CORESIGHT_WriteAPDPReg(AP reg 0x00, 0x80000002)
TB548 000:577.018 - 0.265ms returns 0
TB548 000:577.076 JLINK_CORESIGHT_WriteAPDPReg(AP reg 0x01, 0x80011130)
TB548 000:577.338 - 0.261ms returns 0
TB548 000:577.394 JLINK_CORESIGHT_ReadAPDPReg(AP reg 0x03)
TB548 000:577.707   Value=0x0603030B
TB548 000:577.813 - 0.419ms returns 0
TB548 000:577.860 JLINK_CORESIGHT_WriteAPDPReg(AP reg 0x00, 0x80000002)
TB548 000:578.154 - 0.294ms returns 0
TB548 000:578.212 JLINK_CORESIGHT_WriteAPDPReg(AP reg 0x01, 0x80011140)
TB548 000:578.458 - 0.246ms returns 0
TB548 000:578.581 JLINK_CORESIGHT_ReadAPDPReg(AP reg 0x03)
TB548 000:578.872   Value=0x00000000
TB548 000:578.937 - 0.355ms returns 0
TB548 000:578.965 JLINK_CORESIGHT_WriteAPDPReg(AP reg 0x00, 0x80000002)
TB548 000:579.201 - 0.236ms returns 0
TB548 000:579.228 JLINK_CORESIGHT_WriteAPDPReg(AP reg 0x01, 0x80011130)
TB548 000:579.500 - 0.271ms returns 0
TB548 000:579.612 JLINK_CORESIGHT_ReadAPDPReg(AP reg 0x03)
TB548 000:579.909   Value=0x2E4B4E20
TB548 000:579.988 - 0.376ms returns 0
TB548 000:580.034 JLINK_CORESIGHT_WriteAPDPReg(AP reg 0x00, 0x80000002)
TB548 000:580.308 - 0.274ms returns 0
TB548 000:580.365 JLINK_CORESIGHT_WriteAPDPReg(AP reg 0x01, 0x80011140)
TB548 000:580.616 - 0.250ms returns 0
TB548 000:580.678 JLINK_CORESIGHT_ReadAPDPReg(AP reg 0x03)
TB548 000:581.037   Value=0x00000000
TB548 000:581.132 - 0.454ms returns 0
TB548 000:581.180 JLINK_CORESIGHT_WriteAPDPReg(AP reg 0x00, 0x80000002)
TB548 000:581.439 - 0.259ms returns 0
TB548 000:581.483 JLINK_CORESIGHT_WriteAPDPReg(AP reg 0x01, 0x80011130)
TB548 000:581.872 - 0.388ms returns 0
TB548 000:581.971 JLINK_CORESIGHT_ReadAPDPReg(AP reg 0x03)
TB548 000:582.302   Value=0x4E493892
TB548 000:582.350 - 0.379ms returns 0
TB548 000:582.375 JLINK_CORESIGHT_WriteAPDPReg(AP reg 0x00, 0x80000002)
TB548 000:582.639 - 0.263ms returns 0
TB548 000:582.718 JLINK_CORESIGHT_WriteAPDPReg(AP reg 0x01, 0x80011140)
TB548 000:582.996 - 0.277ms returns 0
TB548 000:583.052 JLINK_CORESIGHT_ReadAPDPReg(AP reg 0x03)
TB548 000:583.340   Value=0x00000000
TB548 000:583.409 - 0.357ms returns 0
TB548 000:583.452 JLINK_CORESIGHT_WriteAPDPReg(AP reg 0x00, 0x80000002)
TB548 000:583.906 - 0.454ms returns 0
TB548 000:583.995 JLINK_CORESIGHT_WriteAPDPReg(AP reg 0x01, 0x80011130)
TB548 000:584.345 - 0.349ms returns 0
TB548 000:584.433 JLINK_CORESIGHT_ReadAPDPReg(AP reg 0x03)
TB548 000:584.760   Value=0x34503036
TB548 000:584.833 - 0.399ms returns 0
TB548 000:584.879 JLINK_CORESIGHT_WriteAPDPReg(AP reg 0x00, 0x80000002)
TB548 000:585.140 - 0.259ms returns 0
TB548 000:585.224 JLINK_CORESIGHT_WriteAPDPReg(AP reg 0x01, 0x80011140)
TB548 000:585.460 - 0.236ms returns 0
TB548 000:585.521 JLINK_CORESIGHT_ReadAPDPReg(AP reg 0x03)
TB548 000:585.831   Value=0x00000000
TB548 000:585.904 - 0.382ms returns 0
TB548 000:585.947 JLINK_CORESIGHT_WriteAPDPReg(AP reg 0x00, 0x80000002)
TB548 000:586.215 - 0.268ms returns 0
TB548 000:586.269 JLINK_CORESIGHT_WriteAPDPReg(AP reg 0x01, 0x80011130)
TB548 000:586.534 - 0.265ms returns 0
TB548 000:586.588 JLINK_CORESIGHT_ReadAPDPReg(AP reg 0x03)
TB548 000:586.883   Value=0x5E142D36
TB548 000:586.965 - 0.376ms returns 0
TB548 000:587.007 JLINK_CORESIGHT_WriteAPDPReg(AP reg 0x00, 0x80000002)
TB548 000:587.305 - 0.297ms returns 0
TB548 000:587.363 JLINK_CORESIGHT_WriteAPDPReg(AP reg 0x01, 0x80011140)
TB548 000:587.623 - 0.261ms returns 0
TB548 000:587.660 JLINK_CORESIGHT_ReadAPDPReg(AP reg 0x03)
TB548 000:587.964   Value=0x00000000
TB548 000:588.071 - 0.410ms returns 0
TB548 000:588.120 JLINK_CORESIGHT_WriteAPDPReg(AP reg 0x00, 0x80000002)
TB548 000:588.517 - 0.396ms returns 0
TB548 000:588.598 JLINK_CORESIGHT_WriteAPDPReg(AP reg 0x01, 0x80011130)
TB548 000:588.931 - 0.334ms returns 0
TB548 000:588.979 JLINK_CORESIGHT_ReadAPDPReg(AP reg 0x03)
TB548 000:589.301   Value=0x46375286
TB548 000:589.337 - 0.358ms returns 0
TB548 000:589.361 JLINK_CORESIGHT_WriteAPDPReg(AP reg 0x00, 0x80000002)
TB548 000:589.595 - 0.233ms returns 0
TB548 000:589.714 JLINK_CORESIGHT_WriteAPDPReg(AP reg 0x01, 0x80011140)
TB548 000:590.006 - 0.292ms returns 0
TB548 000:590.066 JLINK_CORESIGHT_ReadAPDPReg(AP reg 0x03)
TB548 000:590.384   Value=0x00000000
TB548 000:590.494 - 0.428ms returns 0
TB548 000:590.544 JLINK_CORESIGHT_WriteAPDPReg(AP reg 0x00, 0x80000002)
TB548 000:590.816 - 0.272ms returns 0
TB548 000:590.877 JLINK_CORESIGHT_WriteAPDPReg(AP reg 0x01, 0x80011130)
TB548 000:591.182 - 0.305ms returns 0
TB548 000:591.233 JLINK_CORESIGHT_ReadAPDPReg(AP reg 0x03)
TB548 000:593.493   Value=0x31443841
TB548 000:593.583 - 2.349ms returns 0
TB548 000:593.619 JLINK_CORESIGHT_WriteAPDPReg(AP reg 0x00, 0x80000002)
TB548 000:593.904 - 0.284ms returns 0
TB548 000:594.028 JLINK_CORESIGHT_WriteAPDPReg(AP reg 0x01, 0x80011140)
TB548 000:594.296 - 0.268ms returns 0
TB548 000:594.336 JLINK_CORESIGHT_ReadAPDPReg(AP reg 0x03)
TB548 000:594.594   Value=0x00000000
TB548 000:594.654 - 0.318ms returns 0
TB548 000:594.682 JLINK_CORESIGHT_WriteAPDPReg(AP reg 0x00, 0x80000002)
TB548 000:594.952 - 0.270ms returns 0
TB548 000:594.993 JLINK_CORESIGHT_WriteAPDPReg(AP reg 0x01, 0x80011130)
TB548 000:595.296 - 0.303ms returns 0
TB548 000:595.337 JLINK_CORESIGHT_ReadAPDPReg(AP reg 0x03)
TB548 000:595.646   Value=0x43454842
TB548 000:595.753 - 0.416ms returns 0
TB548 000:595.802 JLINK_CORESIGHT_WriteAPDPReg(AP reg 0x00, 0x80000002)
TB548 000:596.061 - 0.259ms returns 0
TB548 000:596.122 JLINK_CORESIGHT_WriteAPDPReg(AP reg 0x01, 0x80011140)
TB548 000:596.436 - 0.314ms returns 0
TB548 000:596.525 JLINK_CORESIGHT_ReadAPDPReg(AP reg 0x03)
TB548 000:596.807   Value=0x00000000
TB548 000:596.864 - 0.339ms returns 0
TB548 000:596.890 JLINK_CORESIGHT_WriteAPDPReg(AP reg 0x00, 0x80000002)
TB548 000:597.159 - 0.268ms returns 0
TB548 000:597.224 JLINK_CORESIGHT_WriteAPDPReg(AP reg 0x01, 0x80011130)
TB548 000:597.466 - 0.242ms returns 0
TB548 000:598.677 JLINK_CORESIGHT_ReadAPDPReg(AP reg 0x03)
TB548 000:598.984   Value=0x20204442
TB548 000:599.045 - 0.368ms returns 0
TB548 000:599.071 JLINK_CORESIGHT_WriteAPDPReg(AP reg 0x00, 0x80000002)
TB548 000:599.296 - 0.225ms returns 0
TB548 000:599.330 JLINK_CORESIGHT_WriteAPDPReg(AP reg 0x01, 0x80011140)
TB548 000:599.642 - 0.311ms returns 0
TB548 000:599.734 JLINK_CORESIGHT_ReadAPDPReg(AP reg 0x03)
TB548 000:600.023   Value=0x00000000
TB548 000:600.120 - 0.386ms returns 0
TB548 000:600.164 JLINK_CORESIGHT_WriteAPDPReg(AP reg 0x00, 0x80000002)
TB548 000:600.432 - 0.267ms returns 0
TB548 000:600.477 JLINK_CORESIGHT_WriteAPDPReg(AP reg 0x01, 0x80011130)
TB548 000:600.750 - 0.272ms returns 0
TB548 000:600.824 JLINK_CORESIGHT_ReadAPDPReg(AP reg 0x03)
TB548 000:601.094   Value=0x0003DB20
TB548 000:601.132 - 0.307ms returns 0
TB548 000:601.234 JLINK_CORESIGHT_WriteAPDPReg(AP reg 0x00, 0x80000002)
TB548 000:601.513 - 0.278ms returns 0
TB548 000:601.580 JLINK_CORESIGHT_WriteAPDPReg(AP reg 0x01, 0x80011140)
TB548 000:601.867 - 0.287ms returns 0
TB548 000:601.953 JLINK_CORESIGHT_ReadAPDPReg(AP reg 0x03)
TB548 000:602.305   Value=0x00000002
TB548 000:602.380 - 0.426ms returns 0
TB548 000:602.426 JLINK_CORESIGHT_WriteAPDPReg(AP reg 0x00, 0x80000002)
TB548 000:602.686 - 0.259ms returns 0
TB548 000:602.845 JLINK_CORESIGHT_WriteAPDPReg(AP reg 0x01, 0x80011120)
TB548 000:603.164 - 0.318ms returns 0
TB548 000:603.217 JLINK_CORESIGHT_WriteAPDPReg(AP reg 0x03, 0x2C010001)
TB548 000:603.463 - 0.245ms returns 0
TB548 000:603.514 JLINK_CORESIGHT_WriteAPDPReg(AP reg 0x00, 0x80000002)
TB548 000:603.899 - 0.384ms returns 0
TB548 000:603.951 JLINK_CORESIGHT_WriteAPDPReg(AP reg 0x01, 0x80011140)
TB548 000:604.241 - 0.290ms returns 0
TB548 000:604.292 JLINK_CORESIGHT_ReadAPDPReg(AP reg 0x03)
TB548 000:604.578   Value=0x00000002
TB548 000:604.647 - 0.355ms returns 0
TB548 000:604.686 JLINK_CORESIGHT_WriteAPDPReg(AP reg 0x00, 0x80000002)
TB548 000:604.943 - 0.256ms returns 0
TB548 000:604.994 JLINK_CORESIGHT_WriteAPDPReg(AP reg 0x01, 0x80011120)
TB548 000:605.308 - 0.313ms returns 0
TB548 000:605.361 JLINK_CORESIGHT_WriteAPDPReg(AP reg 0x03, 0x000003D3)
TB548 000:605.628 - 0.266ms returns 0
TB548 000:605.738 JLINK_CORESIGHT_WriteAPDPReg(AP reg 0x00, 0x80000002)
TB548 000:606.030 - 0.291ms returns 0
TB548 000:606.087 JLINK_CORESIGHT_WriteAPDPReg(AP reg 0x01, 0x80011140)
TB548 000:606.442 - 0.354ms returns 0
TB548 000:606.507 JLINK_CORESIGHT_ReadAPDPReg(AP reg 0x03)
TB548 000:606.799   Value=0x00000002
TB548 000:606.836 - 0.329ms returns 0
TB548 000:606.861 JLINK_CORESIGHT_ReadAPDPReg(AP reg 0x03)
TB548 000:607.116   Value=0x00000002
TB548 000:607.180 - 0.318ms returns 0
TB548 000:607.207 JLINK_CORESIGHT_ReadAPDPReg(AP reg 0x03)
TB548 000:607.455   Value=0x00000002
TB548 000:607.492 - 0.285ms returns 0
TB548 000:607.516 JLINK_CORESIGHT_ReadAPDPReg(AP reg 0x03)
TB548 000:607.802   Value=0x00000000
TB548 000:607.849 - 0.332ms returns 0
TB548 000:607.874 JLINK_CORESIGHT_WriteAPDPReg(AP reg 0x00, 0x80000002)
TB548 000:608.087 - 0.213ms returns 0
TB548 000:608.122 JLINK_CORESIGHT_WriteAPDPReg(AP reg 0x01, 0x80011130)
TB548 000:608.323 - 0.201ms returns 0
TB548 000:608.350 JLINK_CORESIGHT_ReadAPDPReg(AP reg 0x03)
TB548 000:608.593   Value=0x2C020081
TB548 000:608.633 - 0.283ms returns 0
TB548 000:608.657 JLINK_CORESIGHT_WriteAPDPReg(AP reg 0x00, 0x80000002)
TB548 000:608.917 - 0.259ms returns 0
TB548 000:608.944 JLINK_CORESIGHT_WriteAPDPReg(AP reg 0x01, 0x80011140)
TB548 000:609.184 - 0.239ms returns 0
TB548 000:609.212 JLINK_CORESIGHT_ReadAPDPReg(AP reg 0x03)
TB548 000:609.482   Value=0x00000000
TB548 000:609.587 - 0.374ms returns 0
TB548 000:609.632 JLINK_CORESIGHT_WriteAPDPReg(AP reg 0x00, 0x80000002)
TB548 000:609.873 - 0.241ms returns 0
TB548 000:609.911 JLINK_CORESIGHT_WriteAPDPReg(AP reg 0x01, 0x80011130)
TB548 000:610.140 - 0.229ms returns 0
TB548 000:610.168 JLINK_CORESIGHT_ReadAPDPReg(AP reg 0x03)
TB548 000:610.457   Value=0x0003CE04
TB548 000:610.492 - 0.324ms returns 0
TB548 000:610.525 JLINK_CORESIGHT_WriteAPDPReg(AP reg 0x00, 0x80000002)
TB548 000:610.765 - 0.240ms returns 0
TB548 000:610.818 JLINK_CORESIGHT_WriteAPDPReg(AP reg 0x01, 0x80011140)
TB548 000:611.038 - 0.220ms returns 0
TB548 000:611.073 JLINK_CORESIGHT_ReadAPDPReg(AP reg 0x03)
TB548 000:611.328   Value=0x00000002
TB548 000:611.374 - 0.301ms returns 0
TB548 000:611.399 JLINK_CORESIGHT_WriteAPDPReg(AP reg 0x00, 0x80000002)
TB548 000:611.660 - 0.261ms returns 0
TB548 000:611.791 JLINK_CORESIGHT_WriteAPDPReg(AP reg 0x01, 0x80011120)
TB548 000:612.024 - 0.232ms returns 0
TB548 000:612.069 JLINK_CORESIGHT_WriteAPDPReg(AP reg 0x03, 0x73010001)
TB548 000:612.293 - 0.223ms returns 0
TB548 000:612.322 JLINK_CORESIGHT_WriteAPDPReg(AP reg 0x00, 0x80000002)
TB548 000:612.537 - 0.214ms returns 0
TB548 000:612.585 JLINK_CORESIGHT_WriteAPDPReg(AP reg 0x01, 0x80011140)
TB548 000:612.847 - 0.261ms returns 0
TB548 000:612.891 JLINK_CORESIGHT_ReadAPDPReg(AP reg 0x03)
TB548 000:613.192   Value=0x00000002
TB548 000:613.304 - 0.412ms returns 0
TB548 000:613.351 JLINK_CORESIGHT_WriteAPDPReg(AP reg 0x00, 0x80000002)
TB548 000:613.606 - 0.255ms returns 0
TB548 000:613.660 JLINK_CORESIGHT_WriteAPDPReg(AP reg 0x01, 0x80011120)
TB548 000:613.932 - 0.272ms returns 0
TB548 000:613.977 JLINK_CORESIGHT_WriteAPDPReg(AP reg 0x03, 0x0000038C)
TB548 000:614.293 - 0.316ms returns 0
TB548 000:614.322 JLINK_CORESIGHT_WriteAPDPReg(AP reg 0x00, 0x80000002)
TB548 000:614.533 - 0.210ms returns 0
TB548 000:614.559 JLINK_CORESIGHT_WriteAPDPReg(AP reg 0x01, 0x80011140)
TB548 000:614.799 - 0.240ms returns 0
TB548 000:614.827 JLINK_CORESIGHT_ReadAPDPReg(AP reg 0x03)
TB548 000:615.065   Value=0x00000002
TB548 000:615.102 - 0.275ms returns 0
TB548 000:615.127 JLINK_CORESIGHT_ReadAPDPReg(AP reg 0x03)
TB548 000:615.454   Value=0x00000002
TB548 000:615.488 - 0.361ms returns 0
TB548 000:615.512 JLINK_CORESIGHT_ReadAPDPReg(AP reg 0x03)
TB548 000:615.790   Value=0x00000002
TB548 000:615.831 - 0.318ms returns 0
TB548 000:615.855 JLINK_CORESIGHT_ReadAPDPReg(AP reg 0x03)
TB548 000:616.121   Value=0x00000002
TB548 000:616.157 - 0.302ms returns 0
TB548 000:616.181 JLINK_CORESIGHT_ReadAPDPReg(AP reg 0x03)
TB548 000:616.459   Value=0x00000002
TB548 000:616.514 - 0.333ms returns 0
TB548 000:616.540 JLINK_CORESIGHT_ReadAPDPReg(AP reg 0x03)
TB548 000:616.820   Value=0x00000002
TB548 000:616.856 - 0.316ms returns 0
TB548 000:616.880 JLINK_CORESIGHT_ReadAPDPReg(AP reg 0x03)
TB548 000:617.152   Value=0x00000000
TB548 000:617.195 - 0.315ms returns 0
TB548 000:617.221 JLINK_CORESIGHT_WriteAPDPReg(AP reg 0x00, 0x80000002)
TB548 000:617.459 - 0.238ms returns 0
TB548 000:617.487 JLINK_CORESIGHT_WriteAPDPReg(AP reg 0x01, 0x80011130)
TB548 000:617.751 - 0.263ms returns 0
TB548 000:617.840 JLINK_CORESIGHT_ReadAPDPReg(AP reg 0x03)
TB548 000:618.118   Value=0x73020081
TB548 000:618.172 - 0.332ms returns 0
TB548 000:618.197 JLINK_CORESIGHT_WriteAPDPReg(AP reg 0x00, 0x80000002)
TB548 000:618.424 - 0.227ms returns 0
TB548 000:618.452 JLINK_CORESIGHT_WriteAPDPReg(AP reg 0x01, 0x80011140)
TB548 000:618.663 - 0.211ms returns 0
TB548 000:618.690 JLINK_CORESIGHT_ReadAPDPReg(AP reg 0x03)
TB548 000:618.932   Value=0x00000000
TB548 000:618.966 - 0.276ms returns 0
TB548 000:618.989 JLINK_CORESIGHT_WriteAPDPReg(AP reg 0x00, 0x80000002)
TB548 000:619.200 - 0.210ms returns 0
TB548 000:619.238 JLINK_CORESIGHT_WriteAPDPReg(AP reg 0x01, 0x80011130)
TB548 000:619.490 - 0.252ms returns 0
TB548 000:619.518 JLINK_CORESIGHT_ReadAPDPReg(AP reg 0x03)
TB548 000:619.791   Value=0x00038902
TB548 000:619.832 - 0.314ms returns 0
TB548 000:619.860 JLINK_CORESIGHT_WriteAPDPReg(AP reg 0x00, 0x80000002)
TB548 000:620.119 - 0.258ms returns 0
TB548 000:620.215 JLINK_CORESIGHT_WriteAPDPReg(AP reg 0x01, 0x80011140)
TB548 000:620.507 - 0.291ms returns 0
TB548 000:620.600 JLINK_CORESIGHT_ReadAPDPReg(AP reg 0x03)
TB548 000:620.889   Value=0x00000002
TB548 000:620.963 - 0.363ms returns 0
TB548 000:620.989 JLINK_CORESIGHT_WriteAPDPReg(AP reg 0x00, 0x80000002)
TB548 000:621.234 - 0.243ms returns 0
TB548 000:621.327 JLINK_CORESIGHT_WriteAPDPReg(AP reg 0x01, 0x80011120)
TB548 000:621.593 - 0.265ms returns 0
TB548 000:621.682 JLINK_CORESIGHT_WriteAPDPReg(AP reg 0x03, 0x75010001)
TB548 000:621.973 - 0.291ms returns 0
TB548 000:622.027 JLINK_CORESIGHT_WriteAPDPReg(AP reg 0x00, 0x80000002)
TB548 000:622.315 - 0.288ms returns 0
TB548 000:622.399 JLINK_CORESIGHT_WriteAPDPReg(AP reg 0x01, 0x80011140)
TB548 000:622.642 - 0.243ms returns 0
TB548 000:622.680 JLINK_CORESIGHT_ReadAPDPReg(AP reg 0x03)
TB548 000:622.926   Value=0x00000002
TB548 000:623.013 - 0.333ms returns 0
TB548 000:623.037 JLINK_CORESIGHT_WriteAPDPReg(AP reg 0x00, 0x80000002)
TB548 000:623.292 - 0.255ms returns 0
TB548 000:623.319 JLINK_CORESIGHT_WriteAPDPReg(AP reg 0x01, 0x80011120)
TB548 000:623.562 - 0.241ms returns 0
TB548 000:623.656 JLINK_CORESIGHT_WriteAPDPReg(AP reg 0x03, 0x0000038A)
TB548 000:623.913 - 0.256ms returns 0
TB548 000:623.993 JLINK_CORESIGHT_WriteAPDPReg(AP reg 0x00, 0x80000002)
TB548 000:624.306 - 0.312ms returns 0
TB548 000:624.367 JLINK_CORESIGHT_WriteAPDPReg(AP reg 0x01, 0x80011140)
TB548 000:624.622 - 0.255ms returns 0
TB548 000:624.675 JLINK_CORESIGHT_ReadAPDPReg(AP reg 0x03)
TB548 000:624.919   Value=0x00000002
TB548 000:624.954 - 0.279ms returns 0
TB548 000:624.993 JLINK_CORESIGHT_ReadAPDPReg(AP reg 0x03)
TB548 000:625.291   Value=0x00000002
TB548 000:625.324 - 0.330ms returns 0
TB548 000:625.352 JLINK_CORESIGHT_ReadAPDPReg(AP reg 0x03)
TB548 000:625.690   Value=0x00000002
TB548 000:625.787 - 0.434ms returns 0
TB548 000:626.519 JLINK_CORESIGHT_ReadAPDPReg(AP reg 0x03)
TB548 000:626.874   Value=0x00000002
TB548 000:626.953 - 0.434ms returns 0
TB548 000:626.998 JLINK_CORESIGHT_ReadAPDPReg(AP reg 0x03)
TB548 000:627.301   Value=0x00000000
TB548 000:627.361 - 0.363ms returns 0
TB548 000:627.388 JLINK_CORESIGHT_WriteAPDPReg(AP reg 0x00, 0x80000002)
TB548 000:629.557 - 2.169ms returns 0
TB548 000:629.661 JLINK_CORESIGHT_WriteAPDPReg(AP reg 0x01, 0x80011130)
TB548 000:629.932 - 0.271ms returns 0
TB548 000:630.014 JLINK_CORESIGHT_ReadAPDPReg(AP reg 0x03)
TB548 000:630.331   Value=0x75020081
TB548 000:630.397 - 0.382ms returns 0
TB548 000:630.424 JLINK_CORESIGHT_WriteAPDPReg(AP reg 0x00, 0x80000002)
TB548 000:630.691 - 0.266ms returns 0
TB548 000:630.786 JLINK_CORESIGHT_WriteAPDPReg(AP reg 0x01, 0x80011140)
TB548 000:631.043 - 0.256ms returns 0
TB548 000:631.180 JLINK_CORESIGHT_ReadAPDPReg(AP reg 0x03)
TB548 000:631.460   Value=0x00000000
TB548 000:631.502 - 0.322ms returns 0
TB548 000:631.626 JLINK_CORESIGHT_WriteAPDPReg(AP reg 0x00, 0x80000002)
TB548 000:631.868 - 0.242ms returns 0
TB548 000:631.905 JLINK_CORESIGHT_WriteAPDPReg(AP reg 0x01, 0x80011130)
TB548 000:632.121 - 0.216ms returns 0
TB548 000:632.149 JLINK_CORESIGHT_ReadAPDPReg(AP reg 0x03)
TB548 000:632.456   Value=0x00038702
TB548 000:632.492 - 0.343ms returns 0
TB548 000:632.528 JLINK_CORESIGHT_WriteAPDPReg(AP reg 0x00, 0x80000002)
TB548 000:632.768 - 0.240ms returns 0
TB548 000:632.796 JLINK_CORESIGHT_WriteAPDPReg(AP reg 0x01, 0x80011140)
TB548 000:633.001 - 0.205ms returns 0
TB548 000:633.029 JLINK_CORESIGHT_ReadAPDPReg(AP reg 0x03)
TB548 000:633.293   Value=0x00000002
TB548 000:633.327 - 0.298ms returns 0
TB548 000:633.352 JLINK_CORESIGHT_WriteAPDPReg(AP reg 0x00, 0x80000002)
TB548 000:633.664 - 0.311ms returns 0
TB548 000:633.758 JLINK_CORESIGHT_WriteAPDPReg(AP reg 0x01, 0x80011120)
TB548 000:634.002 - 0.243ms returns 0
TB548 000:634.040 JLINK_CORESIGHT_WriteAPDPReg(AP reg 0x03, 0x4F010001)
TB548 000:634.293 - 0.253ms returns 0
TB548 000:634.320 JLINK_CORESIGHT_WriteAPDPReg(AP reg 0x00, 0x80000002)
TB548 000:634.534 - 0.214ms returns 0
TB548 000:634.561 JLINK_CORESIGHT_WriteAPDPReg(AP reg 0x01, 0x80011140)
TB548 000:634.772 - 0.211ms returns 0
TB548 000:634.799 JLINK_CORESIGHT_ReadAPDPReg(AP reg 0x03)
TB548 000:635.040   Value=0x00000002
TB548 000:635.075 - 0.276ms returns 0
TB548 000:635.098 JLINK_CORESIGHT_WriteAPDPReg(AP reg 0x00, 0x80000002)
TB548 000:635.291 - 0.193ms returns 0
TB548 000:635.317 JLINK_CORESIGHT_WriteAPDPReg(AP reg 0x01, 0x80011120)
TB548 000:635.546 - 0.228ms returns 0
TB548 000:635.645 JLINK_CORESIGHT_WriteAPDPReg(AP reg 0x03, 0x000003B0)
TB548 000:635.889 - 0.244ms returns 0
TB548 000:635.931 JLINK_CORESIGHT_WriteAPDPReg(AP reg 0x00, 0x80000002)
TB548 000:636.150 - 0.219ms returns 0
TB548 000:636.178 JLINK_CORESIGHT_WriteAPDPReg(AP reg 0x01, 0x80011140)
TB548 000:636.467 - 0.289ms returns 0
TB548 000:636.594 JLINK_CORESIGHT_ReadAPDPReg(AP reg 0x03)
TB548 000:636.939   Value=0x00000002
TB548 000:637.055 - 0.460ms returns 0
TB548 000:637.103 JLINK_CORESIGHT_ReadAPDPReg(AP reg 0x03)
TB548 000:637.477   Value=0x00000000
TB548 000:637.572 - 0.469ms returns 0
TB548 000:637.619 JLINK_CORESIGHT_WriteAPDPReg(AP reg 0x00, 0x80000002)
TB548 000:637.878 - 0.259ms returns 0
TB548 000:637.935 JLINK_CORESIGHT_WriteAPDPReg(AP reg 0x01, 0x80011130)
TB548 000:638.152 - 0.217ms returns 0
TB548 000:638.180 JLINK_CORESIGHT_ReadAPDPReg(AP reg 0x03)
TB548 000:638.453   Value=0x4F0B0081
TB548 000:638.489 - 0.309ms returns 0
TB548 000:638.513 JLINK_CORESIGHT_WriteAPDPReg(AP reg 0x00, 0x80000002)
TB548 000:638.720 - 0.207ms returns 0
TB548 000:638.752 JLINK_CORESIGHT_WriteAPDPReg(AP reg 0x01, 0x80011140)
TB548 000:638.969 - 0.217ms returns 0
TB548 000:639.025 JLINK_CORESIGHT_ReadAPDPReg(AP reg 0x03)
TB548 000:639.367   Value=0x00000000
TB548 000:639.443 - 0.417ms returns 0
TB548 000:639.485 JLINK_CORESIGHT_WriteAPDPReg(AP reg 0x00, 0x80000002)
TB548 000:639.795 - 0.309ms returns 0
TB548 000:639.887 JLINK_CORESIGHT_WriteAPDPReg(AP reg 0x01, 0x80011130)
TB548 000:640.178 - 0.290ms returns 0
TB548 000:640.235 JLINK_CORESIGHT_ReadAPDPReg(AP reg 0x03)
TB548 000:640.512   Value=0x20000000
TB548 000:640.565 - 0.329ms returns 0
TB548 000:640.592 JLINK_CORESIGHT_WriteAPDPReg(AP reg 0x00, 0x80000002)
TB548 000:640.864 - 0.272ms returns 0
TB548 000:640.951 JLINK_CORESIGHT_WriteAPDPReg(AP reg 0x01, 0x80011140)
TB548 000:641.272 - 0.321ms returns 0
TB548 000:641.311 JLINK_CORESIGHT_ReadAPDPReg(AP reg 0x03)
TB548 000:641.607   Value=0x00000000
TB548 000:641.672 - 0.360ms returns 0
TB548 000:641.699 JLINK_CORESIGHT_WriteAPDPReg(AP reg 0x00, 0x80000002)
TB548 000:641.923 - 0.223ms returns 0
TB548 000:641.958 JLINK_CORESIGHT_WriteAPDPReg(AP reg 0x01, 0x80011130)
TB548 000:642.176 - 0.218ms returns 0
TB548 000:642.203 JLINK_CORESIGHT_ReadAPDPReg(AP reg 0x03)
TB548 000:642.518   Value=0x00000000
TB548 000:642.553 - 0.350ms returns 0
TB548 000:642.578 JLINK_CORESIGHT_WriteAPDPReg(AP reg 0x00, 0x80000002)
TB548 000:642.839 - 0.260ms returns 0
TB548 000:642.929 JLINK_CORESIGHT_WriteAPDPReg(AP reg 0x01, 0x80011140)
TB548 000:643.186 - 0.257ms returns 0
TB548 000:643.231 JLINK_CORESIGHT_ReadAPDPReg(AP reg 0x03)
TB548 000:643.508   Value=0x00000000
TB548 000:643.614 - 0.383ms returns 0
TB548 000:643.663 JLINK_CORESIGHT_WriteAPDPReg(AP reg 0x00, 0x80000002)
TB548 000:643.927 - 0.264ms returns 0
TB548 000:643.975 JLINK_CORESIGHT_WriteAPDPReg(AP reg 0x01, 0x80011130)
TB548 000:644.195 - 0.220ms returns 0
TB548 000:644.229 JLINK_CORESIGHT_ReadAPDPReg(AP reg 0x03)
TB548 000:644.484   Value=0x03860000
TB548 000:644.520 - 0.290ms returns 0
TB548 000:644.634 JLINK_CORESIGHT_ReadAPDPReg(DP reg 0x01)
TB548 000:644.887   Value=0xF0000F40
TB548 000:644.921 - 0.287ms returns 0
TB548 000:644.944 JLINK_CORESIGHT_WriteAPDPReg(DP reg 0x01, 0xA0000F40)
TB548 000:645.157 - 0.213ms returns 0
TB548 000:645.185 JLINK_CORESIGHT_ReadAPDPReg(DP reg 0x01)
TB548 000:645.422   Value=0x00000F40
TB548 000:645.455 - 0.270ms returns 0
TB548 000:645.478 JLINK_ClrRESET()
TB548 000:645.709 - 0.230ms 
TB548 000:750.709 JLINK_Close()
TB548 000:765.915 - 15.204ms
TB548 000:766.006   
TB548 000:766.034   Closed
