T8D2C 000:002.307   SEGGER J-Link V8.74 Log File
T8D2C 000:002.692   DLL Compiled: Sep 30 2025 12:11:23
T8D2C 000:002.738   Logging started @ 2026-02-02 03:22
T8D2C 000:002.780   Process: C:\Users\jerry.chen\.eclipse\com.renesas.platform_1435879475\DebugComp\RA\e2-server-gdb.exe
T8D2C 000:002.835 - 2.822ms 
T8D2C 000:002.918 JLINK_GetDLLVersion()
T8D2C 000:002.973 - 0.057ms returns 87400
T8D2C 000:016.136 JLINK_OpenEx(...)
T8D2C 000:039.026   Firmware: J-Link OB-RA4M2 compiled Jul  8 2025 10:15:56
T8D2C 000:039.859   Firmware: J-Link OB-RA4M2 compiled Jul  8 2025 10:15:56
T8D2C 000:054.025   Hardware: V1.00
T8D2C 000:054.149   S/N: 1080655935
T8D2C 000:054.208   OEM: SEGGER
T8D2C 000:054.264   Feature(s): None
T8D2C 000:055.524   Bootloader: 2021 May 14
T8D2C 000:056.223   USB speed mode: Full speed (12 MBit/s)
T8D2C 000:057.001   TELNET listener socket opened on port 19021
T8D2C 000:057.577   WEBSRV WEBSRV_Init(): Starting webserver thread(s)
T8D2C 000:058.373   WEBSRV Webserver running on local port 19080
T8D2C 000:058.849   Looking for J-Link GUI Server exe at: C:\Users\jerry.chen\.eclipse\com.renesas.platform_1435879475\DebugComp\RA\ARM\Segger_v8.74.0\JLinkGUIServer.exe
T8D2C 000:059.272   Looking for J-Link GUI Server exe at: C:\Program Files\SEGGER\JLink_V858\JLinkGUIServer.exe
T8D2C 000:059.550   Forking J-Link GUI Server: C:\Program Files\SEGGER\JLink_V858\JLinkGUIServer.exe
T8D2C 000:205.544   J-Link GUI Server info: "J-Link GUI server V8.58 "
T8D2C 000:235.657 - 219.503ms returns "O.K."
T8D2C 000:236.672 JLINK_TIF_Select(JLINKARM_TIF_SWD)
T8D2C 000:239.592 - 2.927ms returns 0x00
T8D2C 000:239.714 JLINK_ClrRESET()
T8D2C 000:239.999 - 0.284ms 
T8D2C 000:291.317 JLINK_SetSpeed(1500)
T8D2C 000:291.676 - 0.376ms 
T8D2C 000:291.800 JLINK_CORESIGHT_Configure(PerformTIFInit=0)
T8D2C 000:292.272 - 0.484ms returns 0
T8D2C 000:292.363 JLINK_CORESIGHT_ReadAPDPReg(DP reg 0x00)
T8D2C 000:292.851   Value=0x6BA02477
T8D2C 000:292.929 - 0.571ms returns 0
T8D2C 000:292.962 JLINK_CORESIGHT_WriteAPDPReg(DP reg 0x00, 0x0000001F)
T8D2C 000:293.224 - 0.262ms returns 0
T8D2C 000:293.258 JLINK_CORESIGHT_ReadAPDPReg(DP reg 0x00)
T8D2C 000:293.478   Value=0x6BA02477
T8D2C 000:293.510 - 0.252ms returns 0
T8D2C 000:293.533 JLINK_CORESIGHT_WriteAPDPReg(DP reg 0x02, 0x00000000)
T8D2C 000:293.723 - 0.190ms returns 0
T8D2C 000:293.749 JLINK_CORESIGHT_WriteAPDPReg(DP reg 0x01, 0x50000000)
T8D2C 000:293.936 - 0.186ms returns 0
T8D2C 000:293.967 JLINK_CORESIGHT_ReadAPDPReg(DP reg 0x01)
T8D2C 000:294.217   Value=0xF0000040
T8D2C 000:294.249 - 0.282ms returns 0
T8D2C 000:294.271 JLINK_CORESIGHT_WriteAPDPReg(DP reg 0x00, 0x0000001F)
T8D2C 000:294.450 - 0.180ms returns 0
T8D2C 000:294.475 JLINK_CORESIGHT_ReadAPDPReg(DP reg 0x00)
T8D2C 000:294.685   Value=0x6BA02477
T8D2C 000:294.717 - 0.241ms returns 0
T8D2C 000:294.738 JLINK_CORESIGHT_WriteAPDPReg(DP reg 0x01, 0x54000000)
T8D2C 000:294.943 - 0.204ms returns 0
T8D2C 000:294.968 JLINK_CORESIGHT_WriteAPDPReg(DP reg 0x01, 0x50000F00)
T8D2C 000:295.208 - 0.238ms returns 0
T8D2C 000:295.325 JLINK_CORESIGHT_WriteAPDPReg(DP reg 0x02, 0x01000000)
T8D2C 000:295.619 - 0.294ms returns 0
T8D2C 000:295.716 JLINK_CORESIGHT_WriteAPDPReg(AP reg 0x00, 0x80000002)
T8D2C 000:295.985 - 0.268ms returns 0
T8D2C 000:296.024 JLINK_CORESIGHT_WriteAPDPReg(AP reg 0x01, 0x80011100)
T8D2C 000:296.330 - 0.305ms returns 0
T8D2C 000:296.400 JLINK_CORESIGHT_WriteAPDPReg(AP reg 0x03, 0x000000A5)
T8D2C 000:296.677 - 0.276ms returns 0
T8D2C 000:296.762 JLINK_CORESIGHT_WriteAPDPReg(AP reg 0x00, 0x80000002)
T8D2C 000:297.030 - 0.267ms returns 0
T8D2C 000:297.188 JLINK_CORESIGHT_WriteAPDPReg(AP reg 0x01, 0x80011100)
T8D2C 000:297.550 - 0.365ms returns 0
T8D2C 000:297.586 JLINK_CORESIGHT_ReadAPDPReg(AP reg 0x03)
T8D2C 000:297.844   Value=0x000000A5
T8D2C 000:297.876 - 0.290ms returns 0
T8D2C 000:297.898 JLINK_ClrTMS()
T8D2C 000:297.972 - 0.074ms 
T8D2C 000:303.048 JLINK_SetTCK()
T8D2C 000:303.257 - 0.209ms returns 0
T8D2C 000:309.043 JLINK_SetRESET()
T8D2C 000:309.231 - 0.188ms 
T8D2C 000:510.359 JLINK_CORESIGHT_WriteAPDPReg(AP reg 0x00, 0x80000002)
T8D2C 000:510.853 - 0.494ms returns 0
T8D2C 000:510.929 JLINK_CORESIGHT_WriteAPDPReg(AP reg 0x01, 0x80011100)
T8D2C 000:511.209 - 0.280ms returns 0
T8D2C 000:511.267 JLINK_CORESIGHT_ReadAPDPReg(AP reg 0x03)
T8D2C 000:511.566   Value=0x00000000
T8D2C 000:511.637 - 0.369ms returns 0
T8D2C 000:511.679 JLINK_CORESIGHT_WriteAPDPReg(AP reg 0x00, 0x80000002)
T8D2C 000:511.920 - 0.240ms returns 0
T8D2C 000:511.971 JLINK_CORESIGHT_WriteAPDPReg(AP reg 0x01, 0x80011140)
T8D2C 000:512.198 - 0.227ms returns 0
T8D2C 000:512.252 JLINK_CORESIGHT_ReadAPDPReg(AP reg 0x03)
T8D2C 000:512.566   Value=0x00000002
T8D2C 000:512.669 - 0.416ms returns 0
T8D2C 000:512.716 JLINK_CORESIGHT_WriteAPDPReg(AP reg 0x00, 0x80000002)
T8D2C 000:513.004 - 0.286ms returns 0
T8D2C 000:513.111 JLINK_CORESIGHT_WriteAPDPReg(AP reg 0x01, 0x80011120)
T8D2C 000:513.478 - 0.367ms returns 0
T8D2C 000:513.574 JLINK_CORESIGHT_WriteAPDPReg(AP reg 0x03, 0x00000055)
T8D2C 000:514.158 - 0.583ms returns 0
T8D2C 000:514.246 JLINK_CORESIGHT_WriteAPDPReg(AP reg 0x00, 0x80000002)
T8D2C 000:514.585 - 0.339ms returns 0
T8D2C 000:514.777 JLINK_CORESIGHT_WriteAPDPReg(AP reg 0x01, 0x80011140)
T8D2C 000:515.145 - 0.368ms returns 0
T8D2C 000:515.355 JLINK_CORESIGHT_ReadAPDPReg(AP reg 0x03)
T8D2C 000:515.720   Value=0x00000002
T8D2C 000:515.812 - 0.457ms returns 0
T8D2C 000:515.855 JLINK_CORESIGHT_ReadAPDPReg(AP reg 0x03)
T8D2C 000:516.229   Value=0x00000002
T8D2C 000:516.323 - 0.467ms returns 0
T8D2C 000:516.366 JLINK_CORESIGHT_ReadAPDPReg(AP reg 0x03)
T8D2C 000:516.771   Value=0x00000002
T8D2C 000:516.859 - 0.493ms returns 0
T8D2C 000:516.903 JLINK_CORESIGHT_ReadAPDPReg(AP reg 0x03)
T8D2C 000:517.194   Value=0x00000002
T8D2C 000:517.267 - 0.363ms returns 0
T8D2C 000:517.307 JLINK_CORESIGHT_ReadAPDPReg(AP reg 0x03)
T8D2C 000:517.612   Value=0x00000002
T8D2C 000:517.682 - 0.375ms returns 0
T8D2C 000:517.722 JLINK_CORESIGHT_ReadAPDPReg(AP reg 0x03)
T8D2C 000:518.028   Value=0x00000002
T8D2C 000:518.095 - 0.373ms returns 0
T8D2C 000:518.135 JLINK_CORESIGHT_ReadAPDPReg(AP reg 0x03)
T8D2C 000:518.469   Value=0x00000002
T8D2C 000:518.607 - 0.471ms returns 0
T8D2C 000:518.652 JLINK_CORESIGHT_ReadAPDPReg(AP reg 0x03)
T8D2C 000:518.956   Value=0x00000002
T8D2C 000:519.027 - 0.375ms returns 0
T8D2C 000:519.068 JLINK_CORESIGHT_ReadAPDPReg(AP reg 0x03)
T8D2C 000:519.355   Value=0x00000002
T8D2C 000:519.415 - 0.347ms returns 0
T8D2C 000:519.442 JLINK_CORESIGHT_ReadAPDPReg(AP reg 0x03)
T8D2C 000:519.710   Value=0x00000002
T8D2C 000:519.786 - 0.343ms returns 0
T8D2C 000:519.827 JLINK_CORESIGHT_ReadAPDPReg(AP reg 0x03)
T8D2C 000:520.113   Value=0x00000002
T8D2C 000:520.179 - 0.352ms returns 0
T8D2C 000:520.220 JLINK_CORESIGHT_ReadAPDPReg(AP reg 0x03)
T8D2C 000:520.497   Value=0x00000002
T8D2C 000:520.601 - 0.381ms returns 0
T8D2C 000:520.646 JLINK_CORESIGHT_ReadAPDPReg(AP reg 0x03)
T8D2C 000:520.964   Value=0x00000002
T8D2C 000:521.052 - 0.406ms returns 0
T8D2C 000:521.097 JLINK_CORESIGHT_ReadAPDPReg(AP reg 0x03)
T8D2C 000:521.453   Value=0x00000002
T8D2C 000:521.541 - 0.443ms returns 0
T8D2C 000:521.584 JLINK_CORESIGHT_ReadAPDPReg(AP reg 0x03)
T8D2C 000:521.873   Value=0x00000002
T8D2C 000:521.943 - 0.358ms returns 0
T8D2C 000:521.984 JLINK_CORESIGHT_ReadAPDPReg(AP reg 0x03)
T8D2C 000:522.273   Value=0x00000002
T8D2C 000:522.353 - 0.369ms returns 0
T8D2C 000:523.499 JLINK_CORESIGHT_ReadAPDPReg(AP reg 0x03)
T8D2C 000:523.842   Value=0x00000002
T8D2C 000:523.922 - 0.423ms returns 0
T8D2C 000:523.963 JLINK_CORESIGHT_ReadAPDPReg(AP reg 0x03)
T8D2C 000:524.256   Value=0x00000002
T8D2C 000:524.322 - 0.359ms returns 0
T8D2C 000:524.362 JLINK_CORESIGHT_ReadAPDPReg(AP reg 0x03)
T8D2C 000:524.655   Value=0x00000002
T8D2C 000:524.722 - 0.360ms returns 0
T8D2C 000:524.761 JLINK_CORESIGHT_ReadAPDPReg(AP reg 0x03)
T8D2C 000:525.039   Value=0x00000002
T8D2C 000:525.082 - 0.321ms returns 0
T8D2C 000:525.105 JLINK_CORESIGHT_ReadAPDPReg(AP reg 0x03)
T8D2C 000:525.441   Value=0x00000002
T8D2C 000:525.483 - 0.378ms returns 0
T8D2C 000:525.504 JLINK_CORESIGHT_ReadAPDPReg(AP reg 0x03)
T8D2C 000:525.800   Value=0x00000000
T8D2C 000:525.831 - 0.327ms returns 0
T8D2C 000:525.853 JLINK_CORESIGHT_WriteAPDPReg(AP reg 0x00, 0x80000002)
T8D2C 000:526.081 - 0.228ms returns 0
T8D2C 000:526.105 JLINK_CORESIGHT_WriteAPDPReg(AP reg 0x01, 0x80011130)
T8D2C 000:526.323 - 0.218ms returns 0
T8D2C 000:526.346 JLINK_CORESIGHT_ReadAPDPReg(AP reg 0x03)
T8D2C 000:526.602   Value=0x000000C6
T8D2C 000:526.631 - 0.285ms returns 0
T8D2C 000:526.659 JLINK_CORESIGHT_WriteAPDPReg(AP reg 0x00, 0x80000002)
T8D2C 000:526.878 - 0.218ms returns 0
T8D2C 000:526.904 JLINK_CORESIGHT_WriteAPDPReg(AP reg 0x01, 0x80011140)
T8D2C 000:527.227 - 0.321ms returns 0
T8D2C 000:527.348 JLINK_CORESIGHT_ReadAPDPReg(AP reg 0x03)
T8D2C 000:527.698   Value=0x00000002
T8D2C 000:527.792 - 0.444ms returns 0
T8D2C 000:527.853 JLINK_CORESIGHT_WriteAPDPReg(AP reg 0x00, 0x80000002)
T8D2C 000:528.098 - 0.246ms returns 0
T8D2C 000:528.128 JLINK_CORESIGHT_WriteAPDPReg(AP reg 0x01, 0x80011120)
T8D2C 000:528.457 - 0.327ms returns 0
T8D2C 000:528.590 JLINK_CORESIGHT_WriteAPDPReg(AP reg 0x03, 0x3A010001)
T8D2C 000:528.859 - 0.269ms returns 0
T8D2C 000:529.139 JLINK_CORESIGHT_WriteAPDPReg(AP reg 0x00, 0x80000002)
T8D2C 000:529.500 - 0.361ms returns 0
T8D2C 000:529.578 JLINK_CORESIGHT_WriteAPDPReg(AP reg 0x01, 0x80011140)
T8D2C 000:529.994 - 0.415ms returns 0
T8D2C 000:530.083 JLINK_CORESIGHT_ReadAPDPReg(AP reg 0x03)
T8D2C 000:530.576   Value=0x00000002
T8D2C 000:530.650 - 0.567ms returns 0
T8D2C 000:530.771 JLINK_CORESIGHT_WriteAPDPReg(AP reg 0x00, 0x80000002)
T8D2C 000:531.127 - 0.355ms returns 0
T8D2C 000:531.224 JLINK_CORESIGHT_WriteAPDPReg(AP reg 0x01, 0x80011120)
T8D2C 000:531.556 - 0.331ms returns 0
T8D2C 000:531.620 JLINK_CORESIGHT_WriteAPDPReg(AP reg 0x03, 0x000003C5)
T8D2C 000:531.896 - 0.276ms returns 0
T8D2C 000:531.951 JLINK_CORESIGHT_WriteAPDPReg(AP reg 0x00, 0x80000002)
T8D2C 000:532.231 - 0.280ms returns 0
T8D2C 000:532.283 JLINK_CORESIGHT_WriteAPDPReg(AP reg 0x01, 0x80011140)
T8D2C 000:532.551 - 0.267ms returns 0
T8D2C 000:532.608 JLINK_CORESIGHT_ReadAPDPReg(AP reg 0x03)
T8D2C 000:533.068   Value=0x00000002
T8D2C 000:533.170 - 0.562ms returns 0
T8D2C 000:533.196 JLINK_CORESIGHT_ReadAPDPReg(AP reg 0x03)
T8D2C 000:533.459   Value=0x00000002
T8D2C 000:533.548 - 0.352ms returns 0
T8D2C 000:533.589 JLINK_CORESIGHT_ReadAPDPReg(AP reg 0x03)
T8D2C 000:533.862   Value=0x00000002
T8D2C 000:533.930 - 0.341ms returns 0
T8D2C 000:533.986 JLINK_CORESIGHT_ReadAPDPReg(AP reg 0x03)
T8D2C 000:534.261   Value=0x00000002
T8D2C 000:534.305 - 0.318ms returns 0
T8D2C 000:534.327 JLINK_CORESIGHT_ReadAPDPReg(AP reg 0x03)
T8D2C 000:534.605   Value=0x00000000
T8D2C 000:534.636 - 0.308ms returns 0
T8D2C 000:534.656 JLINK_CORESIGHT_WriteAPDPReg(AP reg 0x00, 0x80000002)
T8D2C 000:534.902 - 0.245ms returns 0
T8D2C 000:535.007 JLINK_CORESIGHT_WriteAPDPReg(AP reg 0x01, 0x80011130)
T8D2C 000:535.272 - 0.264ms returns 0
T8D2C 000:535.350 JLINK_CORESIGHT_ReadAPDPReg(AP reg 0x03)
T8D2C 000:535.650   Value=0x3A2A0081
T8D2C 000:535.726 - 0.375ms returns 0
T8D2C 000:535.767 JLINK_CORESIGHT_WriteAPDPReg(AP reg 0x00, 0x80000002)
T8D2C 000:536.030 - 0.262ms returns 0
T8D2C 000:536.140 JLINK_CORESIGHT_WriteAPDPReg(AP reg 0x01, 0x80011140)
T8D2C 000:536.467 - 0.335ms returns 0
T8D2C 000:536.568 JLINK_CORESIGHT_ReadAPDPReg(AP reg 0x03)
T8D2C 000:536.919   Value=0x00000000
T8D2C 000:536.986 - 0.419ms returns 0
T8D2C 000:537.009 JLINK_CORESIGHT_WriteAPDPReg(AP reg 0x00, 0x80000002)
T8D2C 000:537.260 - 0.250ms returns 0
T8D2C 000:537.362 JLINK_CORESIGHT_WriteAPDPReg(AP reg 0x01, 0x80011130)
T8D2C 000:538.940 - 1.577ms returns 0
T8D2C 000:539.022 JLINK_CORESIGHT_ReadAPDPReg(AP reg 0x03)
T8D2C 000:539.334   Value=0x808D5B00
T8D2C 000:539.428 - 0.406ms returns 0
T8D2C 000:539.488 JLINK_CORESIGHT_WriteAPDPReg(AP reg 0x00, 0x80000002)
T8D2C 000:539.831 - 0.342ms returns 0
T8D2C 000:539.900 JLINK_CORESIGHT_WriteAPDPReg(AP reg 0x01, 0x80011140)
T8D2C 000:540.154 - 0.253ms returns 0
T8D2C 000:540.236 JLINK_CORESIGHT_ReadAPDPReg(AP reg 0x03)
T8D2C 000:540.620   Value=0x00000000
T8D2C 000:540.702 - 0.465ms returns 0
T8D2C 000:540.745 JLINK_CORESIGHT_WriteAPDPReg(AP reg 0x00, 0x80000002)
T8D2C 000:541.040 - 0.295ms returns 0
T8D2C 000:541.085 JLINK_CORESIGHT_WriteAPDPReg(AP reg 0x01, 0x80011130)
T8D2C 000:541.324 - 0.238ms returns 0
T8D2C 000:541.349 JLINK_CORESIGHT_ReadAPDPReg(AP reg 0x03)
T8D2C 000:541.606   Value=0x0406070A
T8D2C 000:541.637 - 0.288ms returns 0
T8D2C 000:541.660 JLINK_CORESIGHT_WriteAPDPReg(AP reg 0x00, 0x80000002)
T8D2C 000:541.867 - 0.208ms returns 0
T8D2C 000:541.892 JLINK_CORESIGHT_WriteAPDPReg(AP reg 0x01, 0x80011140)
T8D2C 000:542.072 - 0.180ms returns 0
T8D2C 000:542.097 JLINK_CORESIGHT_ReadAPDPReg(AP reg 0x03)
T8D2C 000:542.337   Value=0x00000000
T8D2C 000:542.366 - 0.268ms returns 0
T8D2C 000:542.388 JLINK_CORESIGHT_WriteAPDPReg(AP reg 0x00, 0x80000002)
T8D2C 000:542.656 - 0.267ms returns 0
T8D2C 000:542.744 JLINK_CORESIGHT_WriteAPDPReg(AP reg 0x01, 0x80011130)
T8D2C 000:542.977 - 0.233ms returns 0
T8D2C 000:543.025 JLINK_CORESIGHT_ReadAPDPReg(AP reg 0x03)
T8D2C 000:543.308   Value=0x3154540B
T8D2C 000:543.353 - 0.327ms returns 0
T8D2C 000:543.379 JLINK_CORESIGHT_WriteAPDPReg(AP reg 0x00, 0x80000002)
T8D2C 000:543.626 - 0.245ms returns 0
T8D2C 000:543.711 JLINK_CORESIGHT_WriteAPDPReg(AP reg 0x01, 0x80011140)
T8D2C 000:543.947 - 0.236ms returns 0
T8D2C 000:543.997 JLINK_CORESIGHT_ReadAPDPReg(AP reg 0x03)
T8D2C 000:544.278   Value=0x00000000
T8D2C 000:544.312 - 0.315ms returns 0
T8D2C 000:544.333 JLINK_CORESIGHT_WriteAPDPReg(AP reg 0x00, 0x80000002)
T8D2C 000:544.546 - 0.213ms returns 0
T8D2C 000:544.576 JLINK_CORESIGHT_WriteAPDPReg(AP reg 0x01, 0x80011130)
T8D2C 000:544.816 - 0.238ms returns 0
T8D2C 000:544.897 JLINK_CORESIGHT_ReadAPDPReg(AP reg 0x03)
T8D2C 000:545.228   Value=0x54ACC777
T8D2C 000:545.305 - 0.407ms returns 0
T8D2C 000:545.348 JLINK_CORESIGHT_WriteAPDPReg(AP reg 0x00, 0x80000002)
T8D2C 000:545.625 - 0.275ms returns 0
T8D2C 000:545.718 JLINK_CORESIGHT_WriteAPDPReg(AP reg 0x01, 0x80011140)
T8D2C 000:545.982 - 0.264ms returns 0
T8D2C 000:546.018 JLINK_CORESIGHT_ReadAPDPReg(AP reg 0x03)
T8D2C 000:546.296   Value=0x00000000
T8D2C 000:546.342 - 0.324ms returns 0
T8D2C 000:546.371 JLINK_CORESIGHT_WriteAPDPReg(AP reg 0x00, 0x80000002)
T8D2C 000:546.620 - 0.249ms returns 0
T8D2C 000:546.699 JLINK_CORESIGHT_WriteAPDPReg(AP reg 0x01, 0x80011130)
T8D2C 000:546.959 - 0.259ms returns 0
T8D2C 000:547.035 JLINK_CORESIGHT_ReadAPDPReg(AP reg 0x03)
T8D2C 000:547.332   Value=0x37395636
T8D2C 000:547.406 - 0.371ms returns 0
T8D2C 000:547.513 JLINK_CORESIGHT_WriteAPDPReg(AP reg 0x00, 0x80000002)
T8D2C 000:547.891 - 0.378ms returns 0
T8D2C 000:547.948 JLINK_CORESIGHT_WriteAPDPReg(AP reg 0x01, 0x80011140)
T8D2C 000:548.186 - 0.237ms returns 0
T8D2C 000:548.263 JLINK_CORESIGHT_ReadAPDPReg(AP reg 0x03)
T8D2C 000:548.612   Value=0x00000000
T8D2C 000:548.663 - 0.400ms returns 0
T8D2C 000:548.694 JLINK_CORESIGHT_WriteAPDPReg(AP reg 0x00, 0x80000002)
T8D2C 000:548.996 - 0.302ms returns 0
T8D2C 000:549.029 JLINK_CORESIGHT_WriteAPDPReg(AP reg 0x01, 0x80011130)
T8D2C 000:549.274 - 0.245ms returns 0
T8D2C 000:549.368 JLINK_CORESIGHT_ReadAPDPReg(AP reg 0x03)
T8D2C 000:549.680   Value=0x77012D34
T8D2C 000:549.808 - 0.439ms returns 0
T8D2C 000:549.888 JLINK_CORESIGHT_WriteAPDPReg(AP reg 0x00, 0x80000002)
T8D2C 000:550.167 - 0.279ms returns 0
T8D2C 000:550.945 JLINK_CORESIGHT_WriteAPDPReg(AP reg 0x01, 0x80011140)
T8D2C 000:551.270 - 0.325ms returns 0
T8D2C 000:551.348 JLINK_CORESIGHT_ReadAPDPReg(AP reg 0x03)
T8D2C 000:551.677   Value=0x00000000
T8D2C 000:551.762 - 0.414ms returns 0
T8D2C 000:551.805 JLINK_CORESIGHT_WriteAPDPReg(AP reg 0x00, 0x80000002)
T8D2C 000:552.068 - 0.262ms returns 0
T8D2C 000:552.117 JLINK_CORESIGHT_WriteAPDPReg(AP reg 0x01, 0x80011130)
T8D2C 000:552.358 - 0.241ms returns 0
T8D2C 000:552.441 JLINK_CORESIGHT_ReadAPDPReg(AP reg 0x03)
T8D2C 000:552.982   Value=0x4B375274
T8D2C 000:553.055 - 0.614ms returns 0
T8D2C 000:553.096 JLINK_CORESIGHT_WriteAPDPReg(AP reg 0x00, 0x80000002)
T8D2C 000:553.393 - 0.297ms returns 0
T8D2C 000:553.450 JLINK_CORESIGHT_WriteAPDPReg(AP reg 0x01, 0x80011140)
T8D2C 000:553.691 - 0.240ms returns 0
T8D2C 000:553.756 JLINK_CORESIGHT_ReadAPDPReg(AP reg 0x03)
T8D2C 000:554.043   Value=0x00000000
T8D2C 000:554.129 - 0.372ms returns 0
T8D2C 000:554.188 JLINK_CORESIGHT_WriteAPDPReg(AP reg 0x00, 0x80000002)
T8D2C 000:554.461 - 0.272ms returns 0
T8D2C 000:554.540 JLINK_CORESIGHT_WriteAPDPReg(AP reg 0x01, 0x80011130)
T8D2C 000:554.766 - 0.225ms returns 0
T8D2C 000:554.873 JLINK_CORESIGHT_ReadAPDPReg(AP reg 0x03)
T8D2C 000:555.211   Value=0x31503841
T8D2C 000:555.301 - 0.427ms returns 0
T8D2C 000:555.362 JLINK_CORESIGHT_WriteAPDPReg(AP reg 0x00, 0x80000002)
T8D2C 000:555.639 - 0.276ms returns 0
T8D2C 000:555.666 JLINK_CORESIGHT_WriteAPDPReg(AP reg 0x01, 0x80011140)
T8D2C 000:555.901 - 0.235ms returns 0
T8D2C 000:555.980 JLINK_CORESIGHT_ReadAPDPReg(AP reg 0x03)
T8D2C 000:556.291   Value=0x00000000
T8D2C 000:556.401 - 0.421ms returns 0
T8D2C 000:556.448 JLINK_CORESIGHT_WriteAPDPReg(AP reg 0x00, 0x80000002)
T8D2C 000:556.711 - 0.262ms returns 0
T8D2C 000:556.784 JLINK_CORESIGHT_WriteAPDPReg(AP reg 0x01, 0x80011130)
T8D2C 000:557.050 - 0.266ms returns 0
T8D2C 000:557.105 JLINK_CORESIGHT_ReadAPDPReg(AP reg 0x03)
T8D2C 000:557.445   Value=0x434C464B
T8D2C 000:557.490 - 0.384ms returns 0
T8D2C 000:557.511 JLINK_CORESIGHT_WriteAPDPReg(AP reg 0x00, 0x80000002)
T8D2C 000:557.729 - 0.219ms returns 0
T8D2C 000:557.753 JLINK_CORESIGHT_WriteAPDPReg(AP reg 0x01, 0x80011140)
T8D2C 000:557.975 - 0.221ms returns 0
T8D2C 000:558.043 JLINK_CORESIGHT_ReadAPDPReg(AP reg 0x03)
T8D2C 000:558.344   Value=0x00000000
T8D2C 000:558.459 - 0.414ms returns 0
T8D2C 000:558.515 JLINK_CORESIGHT_WriteAPDPReg(AP reg 0x00, 0x80000002)
T8D2C 000:558.783 - 0.267ms returns 0
T8D2C 000:558.898 JLINK_CORESIGHT_WriteAPDPReg(AP reg 0x01, 0x80011130)
T8D2C 000:559.287 - 0.389ms returns 0
T8D2C 000:559.405 JLINK_CORESIGHT_ReadAPDPReg(AP reg 0x03)
T8D2C 000:559.736   Value=0x20204341
T8D2C 000:559.836 - 0.431ms returns 0
T8D2C 000:559.880 JLINK_CORESIGHT_WriteAPDPReg(AP reg 0x00, 0x80000002)
T8D2C 000:560.122 - 0.242ms returns 0
T8D2C 000:560.195 JLINK_CORESIGHT_WriteAPDPReg(AP reg 0x01, 0x80011140)
T8D2C 000:560.482 - 0.286ms returns 0
T8D2C 000:560.531 JLINK_CORESIGHT_ReadAPDPReg(AP reg 0x03)
T8D2C 000:560.837   Value=0x00000000
T8D2C 000:560.936 - 0.403ms returns 0
T8D2C 000:560.977 JLINK_CORESIGHT_WriteAPDPReg(AP reg 0x00, 0x80000002)
T8D2C 000:561.245 - 0.268ms returns 0
T8D2C 000:561.326 JLINK_CORESIGHT_WriteAPDPReg(AP reg 0x01, 0x80011130)
T8D2C 000:561.574 - 0.248ms returns 0
T8D2C 000:561.649 JLINK_CORESIGHT_ReadAPDPReg(AP reg 0x03)
T8D2C 000:561.966   Value=0x0003DC20
T8D2C 000:562.065 - 0.415ms returns 0
T8D2C 000:562.224 JLINK_CORESIGHT_WriteAPDPReg(AP reg 0x00, 0x80000002)
T8D2C 000:562.489 - 0.265ms returns 0
T8D2C 000:562.566 JLINK_CORESIGHT_WriteAPDPReg(AP reg 0x01, 0x80011140)
T8D2C 000:562.829 - 0.263ms returns 0
T8D2C 000:562.888 JLINK_CORESIGHT_ReadAPDPReg(AP reg 0x03)
T8D2C 000:563.226   Value=0x00000002
T8D2C 000:563.300 - 0.411ms returns 0
T8D2C 000:563.344 JLINK_CORESIGHT_WriteAPDPReg(AP reg 0x00, 0x80000002)
T8D2C 000:563.577 - 0.233ms returns 0
T8D2C 000:563.635 JLINK_CORESIGHT_WriteAPDPReg(AP reg 0x01, 0x80011120)
T8D2C 000:563.898 - 0.262ms returns 0
T8D2C 000:563.977 JLINK_CORESIGHT_WriteAPDPReg(AP reg 0x03, 0x39020001)
T8D2C 000:564.221 - 0.243ms returns 0
T8D2C 000:564.295 JLINK_CORESIGHT_WriteAPDPReg(AP reg 0x00, 0x80000002)
T8D2C 000:564.557 - 0.261ms returns 0
T8D2C 000:564.660 JLINK_CORESIGHT_WriteAPDPReg(AP reg 0x01, 0x80011140)
T8D2C 000:564.886 - 0.226ms returns 0
T8D2C 000:564.946 JLINK_CORESIGHT_ReadAPDPReg(AP reg 0x03)
T8D2C 000:565.244   Value=0x00000002
T8D2C 000:565.368 - 0.420ms returns 0
T8D2C 000:565.433 JLINK_CORESIGHT_WriteAPDPReg(AP reg 0x00, 0x80000002)
T8D2C 000:565.712 - 0.279ms returns 0
T8D2C 000:565.781 JLINK_CORESIGHT_WriteAPDPReg(AP reg 0x01, 0x80011120)
T8D2C 000:566.116 - 0.334ms returns 0
T8D2C 000:566.191 JLINK_CORESIGHT_WriteAPDPReg(AP reg 0x03, 0x0003B312)
T8D2C 000:566.450 - 0.259ms returns 0
T8D2C 000:566.506 JLINK_CORESIGHT_WriteAPDPReg(AP reg 0x00, 0x80000002)
T8D2C 000:566.740 - 0.233ms returns 0
T8D2C 000:566.817 JLINK_CORESIGHT_WriteAPDPReg(AP reg 0x01, 0x80011140)
T8D2C 000:567.070 - 0.253ms returns 0
T8D2C 000:567.123 JLINK_CORESIGHT_ReadAPDPReg(AP reg 0x03)
T8D2C 000:567.470   Value=0x00000000
T8D2C 000:567.549 - 0.425ms returns 0
T8D2C 000:567.588 JLINK_CORESIGHT_WriteAPDPReg(AP reg 0x00, 0x80000002)
T8D2C 000:567.858 - 0.269ms returns 0
T8D2C 000:567.940 JLINK_CORESIGHT_WriteAPDPReg(AP reg 0x01, 0x80011130)
T8D2C 000:568.221 - 0.281ms returns 0
T8D2C 000:568.281 JLINK_CORESIGHT_ReadAPDPReg(AP reg 0x03)
T8D2C 000:568.612   Value=0xB90A0081
T8D2C 000:568.679 - 0.398ms returns 0
T8D2C 000:568.719 JLINK_CORESIGHT_WriteAPDPReg(AP reg 0x00, 0x80000002)
T8D2C 000:568.998 - 0.278ms returns 0
T8D2C 000:569.153 JLINK_CORESIGHT_WriteAPDPReg(AP reg 0x01, 0x80011140)
T8D2C 000:569.454 - 0.301ms returns 0
T8D2C 000:569.524 JLINK_CORESIGHT_ReadAPDPReg(AP reg 0x03)
T8D2C 000:569.863   Value=0x00000000
T8D2C 000:570.000 - 0.475ms returns 0
T8D2C 000:570.041 JLINK_CORESIGHT_WriteAPDPReg(AP reg 0x00, 0x80000002)
T8D2C 000:570.283 - 0.242ms returns 0
T8D2C 000:570.353 JLINK_CORESIGHT_WriteAPDPReg(AP reg 0x01, 0x80011130)
T8D2C 000:570.624 - 0.271ms returns 0
T8D2C 000:570.679 JLINK_CORESIGHT_ReadAPDPReg(AP reg 0x03)
T8D2C 000:571.040   Value=0xFFFFFFC0
T8D2C 000:571.098 - 0.418ms returns 0
T8D2C 000:571.122 JLINK_CORESIGHT_WriteAPDPReg(AP reg 0x00, 0x80000002)
T8D2C 000:571.346 - 0.224ms returns 0
T8D2C 000:571.373 JLINK_CORESIGHT_WriteAPDPReg(AP reg 0x01, 0x80011140)
T8D2C 000:571.665 - 0.292ms returns 0
T8D2C 000:571.747 JLINK_CORESIGHT_ReadAPDPReg(AP reg 0x03)
T8D2C 000:572.056   Value=0x00000000
T8D2C 000:572.125 - 0.378ms returns 0
T8D2C 000:572.172 JLINK_CORESIGHT_WriteAPDPReg(AP reg 0x00, 0x80000002)
T8D2C 000:572.454 - 0.281ms returns 0
T8D2C 000:572.526 JLINK_CORESIGHT_WriteAPDPReg(AP reg 0x01, 0x80011130)
T8D2C 000:572.777 - 0.249ms returns 0
T8D2C 000:572.832 JLINK_CORESIGHT_ReadAPDPReg(AP reg 0x03)
T8D2C 000:573.088   Value=0xFFFFFFFF
T8D2C 000:573.175 - 0.342ms returns 0
T8D2C 000:573.219 JLINK_CORESIGHT_WriteAPDPReg(AP reg 0x00, 0x80000002)
T8D2C 000:573.456 - 0.237ms returns 0
T8D2C 000:573.512 JLINK_CORESIGHT_WriteAPDPReg(AP reg 0x01, 0x80011140)
T8D2C 000:573.733 - 0.221ms returns 0
T8D2C 000:573.793 JLINK_CORESIGHT_ReadAPDPReg(AP reg 0x03)
T8D2C 000:574.172   Value=0x00000000
T8D2C 000:574.257 - 0.464ms returns 0
T8D2C 000:574.301 JLINK_CORESIGHT_WriteAPDPReg(AP reg 0x00, 0x80000002)
T8D2C 000:574.561 - 0.259ms returns 0
T8D2C 000:574.635 JLINK_CORESIGHT_WriteAPDPReg(AP reg 0x01, 0x80011130)
T8D2C 000:574.857 - 0.221ms returns 0
T8D2C 000:574.931 JLINK_CORESIGHT_ReadAPDPReg(AP reg 0x03)
T8D2C 000:575.238   Value=0x000385FF
T8D2C 000:575.327 - 0.395ms returns 0
T8D2C 000:575.494 JLINK_CORESIGHT_WriteAPDPReg(AP reg 0x00, 0x80000002)
T8D2C 000:575.786 - 0.292ms returns 0
T8D2C 000:575.840 JLINK_CORESIGHT_WriteAPDPReg(AP reg 0x01, 0x80011140)
T8D2C 000:576.123 - 0.282ms returns 0
T8D2C 000:576.231 JLINK_CORESIGHT_ReadAPDPReg(AP reg 0x03)
T8D2C 000:576.544   Value=0x00000002
T8D2C 000:576.614 - 0.382ms returns 0
T8D2C 000:576.665 JLINK_CORESIGHT_WriteAPDPReg(AP reg 0x00, 0x80000002)
T8D2C 000:576.930 - 0.264ms returns 0
T8D2C 000:577.007 JLINK_CORESIGHT_WriteAPDPReg(AP reg 0x01, 0x80011120)
T8D2C 000:577.258 - 0.250ms returns 0
T8D2C 000:577.337 JLINK_CORESIGHT_WriteAPDPReg(AP reg 0x03, 0x2C010001)
T8D2C 000:577.618 - 0.279ms returns 0
T8D2C 000:577.717 JLINK_CORESIGHT_WriteAPDPReg(AP reg 0x00, 0x80000002)
T8D2C 000:577.996 - 0.279ms returns 0
T8D2C 000:578.068 JLINK_CORESIGHT_WriteAPDPReg(AP reg 0x01, 0x80011140)
T8D2C 000:578.348 - 0.280ms returns 0
T8D2C 000:578.415 JLINK_CORESIGHT_ReadAPDPReg(AP reg 0x03)
T8D2C 000:578.780   Value=0x00000002
T8D2C 000:578.871 - 0.455ms returns 0
T8D2C 000:578.928 JLINK_CORESIGHT_WriteAPDPReg(AP reg 0x00, 0x80000002)
T8D2C 000:579.198 - 0.270ms returns 0
T8D2C 000:579.264 JLINK_CORESIGHT_WriteAPDPReg(AP reg 0x01, 0x80011120)
T8D2C 000:579.588 - 0.324ms returns 0
T8D2C 000:579.652 JLINK_CORESIGHT_WriteAPDPReg(AP reg 0x03, 0x000003D3)
T8D2C 000:579.910 - 0.257ms returns 0
T8D2C 000:580.006 JLINK_CORESIGHT_WriteAPDPReg(AP reg 0x00, 0x80000002)
T8D2C 000:580.468 - 0.460ms returns 0
T8D2C 000:580.560 JLINK_CORESIGHT_WriteAPDPReg(AP reg 0x01, 0x80011140)
T8D2C 000:580.821 - 0.261ms returns 0
T8D2C 000:580.916 JLINK_CORESIGHT_ReadAPDPReg(AP reg 0x03)
T8D2C 000:581.215   Value=0x00000002
T8D2C 000:581.304 - 0.388ms returns 0
T8D2C 000:581.362 JLINK_CORESIGHT_ReadAPDPReg(AP reg 0x03)
T8D2C 000:581.678   Value=0x00000000
T8D2C 000:581.777 - 0.415ms returns 0
T8D2C 000:581.864 JLINK_CORESIGHT_WriteAPDPReg(AP reg 0x00, 0x80000002)
T8D2C 000:582.163 - 0.299ms returns 0
T8D2C 000:582.230 JLINK_CORESIGHT_WriteAPDPReg(AP reg 0x01, 0x80011130)
T8D2C 000:582.482 - 0.251ms returns 0
T8D2C 000:582.547 JLINK_CORESIGHT_ReadAPDPReg(AP reg 0x03)
T8D2C 000:582.827   Value=0x2C020081
T8D2C 000:582.917 - 0.370ms returns 0
T8D2C 000:582.971 JLINK_CORESIGHT_WriteAPDPReg(AP reg 0x00, 0x80000002)
T8D2C 000:583.252 - 0.280ms returns 0
T8D2C 000:583.315 JLINK_CORESIGHT_WriteAPDPReg(AP reg 0x01, 0x80011140)
T8D2C 000:583.567 - 0.251ms returns 0
T8D2C 000:583.643 JLINK_CORESIGHT_ReadAPDPReg(AP reg 0x03)
T8D2C 000:583.963   Value=0x00000000
T8D2C 000:584.061 - 0.418ms returns 0
T8D2C 000:584.119 JLINK_CORESIGHT_WriteAPDPReg(AP reg 0x00, 0x80000002)
T8D2C 000:584.493 - 0.374ms returns 0
T8D2C 000:584.561 JLINK_CORESIGHT_WriteAPDPReg(AP reg 0x01, 0x80011130)
T8D2C 000:584.828 - 0.265ms returns 0
T8D2C 000:584.882 JLINK_CORESIGHT_ReadAPDPReg(AP reg 0x03)
T8D2C 000:585.149   Value=0x0003CE04
T8D2C 000:585.219 - 0.337ms returns 0
T8D2C 000:586.485 JLINK_CORESIGHT_WriteAPDPReg(AP reg 0x00, 0x80000002)
T8D2C 000:586.784 - 0.300ms returns 0
T8D2C 000:586.935 JLINK_CORESIGHT_WriteAPDPReg(AP reg 0x01, 0x80011140)
T8D2C 000:587.207 - 0.271ms returns 0
T8D2C 000:587.278 JLINK_CORESIGHT_ReadAPDPReg(AP reg 0x03)
T8D2C 000:587.614   Value=0x00000002
T8D2C 000:587.685 - 0.406ms returns 0
T8D2C 000:587.737 JLINK_CORESIGHT_WriteAPDPReg(AP reg 0x00, 0x80000002)
T8D2C 000:588.014 - 0.276ms returns 0
T8D2C 000:588.071 JLINK_CORESIGHT_WriteAPDPReg(AP reg 0x01, 0x80011120)
T8D2C 000:588.345 - 0.273ms returns 0
T8D2C 000:588.418 JLINK_CORESIGHT_WriteAPDPReg(AP reg 0x03, 0x73010001)
T8D2C 000:588.653 - 0.235ms returns 0
T8D2C 000:588.713 JLINK_CORESIGHT_WriteAPDPReg(AP reg 0x00, 0x80000002)
T8D2C 000:588.968 - 0.255ms returns 0
T8D2C 000:589.027 JLINK_CORESIGHT_WriteAPDPReg(AP reg 0x01, 0x80011140)
T8D2C 000:589.254 - 0.227ms returns 0
T8D2C 000:589.317 JLINK_CORESIGHT_ReadAPDPReg(AP reg 0x03)
T8D2C 000:589.614   Value=0x00000002
T8D2C 000:589.686 - 0.369ms returns 0
T8D2C 000:589.728 JLINK_CORESIGHT_WriteAPDPReg(AP reg 0x00, 0x80000002)
T8D2C 000:590.007 - 0.279ms returns 0
T8D2C 000:590.089 JLINK_CORESIGHT_WriteAPDPReg(AP reg 0x01, 0x80011120)
T8D2C 000:590.402 - 0.313ms returns 0
T8D2C 000:590.464 JLINK_CORESIGHT_WriteAPDPReg(AP reg 0x03, 0x0000038C)
T8D2C 000:590.786 - 0.321ms returns 0
T8D2C 000:590.911 JLINK_CORESIGHT_WriteAPDPReg(AP reg 0x00, 0x80000002)
T8D2C 000:591.212 - 0.300ms returns 0
T8D2C 000:591.311 JLINK_CORESIGHT_WriteAPDPReg(AP reg 0x01, 0x80011140)
T8D2C 000:591.554 - 0.242ms returns 0
T8D2C 000:591.613 JLINK_CORESIGHT_ReadAPDPReg(AP reg 0x03)
T8D2C 000:591.927   Value=0x00000002
T8D2C 000:592.044 - 0.430ms returns 0
T8D2C 000:592.091 JLINK_CORESIGHT_ReadAPDPReg(AP reg 0x03)
T8D2C 000:592.456   Value=0x00000002
T8D2C 000:592.529 - 0.438ms returns 0
T8D2C 000:592.595 JLINK_CORESIGHT_ReadAPDPReg(AP reg 0x03)
T8D2C 000:592.897   Value=0x00000002
T8D2C 000:592.985 - 0.390ms returns 0
T8D2C 000:593.051 JLINK_CORESIGHT_ReadAPDPReg(AP reg 0x03)
T8D2C 000:593.452   Value=0x00000000
T8D2C 000:593.609 - 0.557ms returns 0
T8D2C 000:593.660 JLINK_CORESIGHT_WriteAPDPReg(AP reg 0x00, 0x80000002)
T8D2C 000:593.952 - 0.291ms returns 0
T8D2C 000:594.032 JLINK_CORESIGHT_WriteAPDPReg(AP reg 0x01, 0x80011130)
T8D2C 000:594.307 - 0.274ms returns 0
T8D2C 000:594.387 JLINK_CORESIGHT_ReadAPDPReg(AP reg 0x03)
T8D2C 000:594.681   Value=0x73020081
T8D2C 000:594.744 - 0.357ms returns 0
T8D2C 000:594.780 JLINK_CORESIGHT_WriteAPDPReg(AP reg 0x00, 0x80000002)
T8D2C 000:595.017 - 0.237ms returns 0
T8D2C 000:595.057 JLINK_CORESIGHT_WriteAPDPReg(AP reg 0x01, 0x80011140)
T8D2C 000:595.297 - 0.239ms returns 0
T8D2C 000:595.387 JLINK_CORESIGHT_ReadAPDPReg(AP reg 0x03)
T8D2C 000:595.703   Value=0x00000000
T8D2C 000:595.808 - 0.420ms returns 0
T8D2C 000:595.906 JLINK_CORESIGHT_WriteAPDPReg(AP reg 0x00, 0x80000002)
T8D2C 000:596.166 - 0.261ms returns 0
T8D2C 000:596.247 JLINK_CORESIGHT_WriteAPDPReg(AP reg 0x01, 0x80011130)
T8D2C 000:596.555 - 0.308ms returns 0
T8D2C 000:596.618 JLINK_CORESIGHT_ReadAPDPReg(AP reg 0x03)
T8D2C 000:596.919   Value=0x00038902
T8D2C 000:597.010 - 0.391ms returns 0
T8D2C 000:597.055 JLINK_CORESIGHT_WriteAPDPReg(AP reg 0x00, 0x80000002)
T8D2C 000:597.324 - 0.269ms returns 0
T8D2C 000:597.381 JLINK_CORESIGHT_WriteAPDPReg(AP reg 0x01, 0x80011140)
T8D2C 000:597.611 - 0.229ms returns 0
T8D2C 000:597.666 JLINK_CORESIGHT_ReadAPDPReg(AP reg 0x03)
T8D2C 000:597.957   Value=0x00000002
T8D2C 000:598.053 - 0.386ms returns 0
T8D2C 000:598.095 JLINK_CORESIGHT_WriteAPDPReg(AP reg 0x00, 0x80000002)
T8D2C 000:598.402 - 0.307ms returns 0
T8D2C 000:598.474 JLINK_CORESIGHT_WriteAPDPReg(AP reg 0x01, 0x80011120)
T8D2C 000:598.742 - 0.268ms returns 0
T8D2C 000:598.817 JLINK_CORESIGHT_WriteAPDPReg(AP reg 0x03, 0x75010001)
T8D2C 000:599.050 - 0.232ms returns 0
T8D2C 000:599.105 JLINK_CORESIGHT_WriteAPDPReg(AP reg 0x00, 0x80000002)
T8D2C 000:599.356 - 0.251ms returns 0
T8D2C 000:599.410 JLINK_CORESIGHT_WriteAPDPReg(AP reg 0x01, 0x80011140)
T8D2C 000:599.631 - 0.221ms returns 0
T8D2C 000:599.687 JLINK_CORESIGHT_ReadAPDPReg(AP reg 0x03)
T8D2C 000:600.110   Value=0x00000002
T8D2C 000:600.201 - 0.513ms returns 0
T8D2C 000:600.246 JLINK_CORESIGHT_WriteAPDPReg(AP reg 0x00, 0x80000002)
T8D2C 000:600.553 - 0.306ms returns 0
T8D2C 000:600.612 JLINK_CORESIGHT_WriteAPDPReg(AP reg 0x01, 0x80011120)
T8D2C 000:600.856 - 0.244ms returns 0
T8D2C 000:600.929 JLINK_CORESIGHT_WriteAPDPReg(AP reg 0x03, 0x0000038A)
T8D2C 000:601.162 - 0.233ms returns 0
T8D2C 000:601.220 JLINK_CORESIGHT_WriteAPDPReg(AP reg 0x00, 0x80000002)
T8D2C 000:601.457 - 0.237ms returns 0
T8D2C 000:601.515 JLINK_CORESIGHT_WriteAPDPReg(AP reg 0x01, 0x80011140)
T8D2C 000:601.742 - 0.227ms returns 0
T8D2C 000:601.809 JLINK_CORESIGHT_ReadAPDPReg(AP reg 0x03)
T8D2C 000:602.202   Value=0x00000002
T8D2C 000:602.289 - 0.479ms returns 0
T8D2C 000:602.333 JLINK_CORESIGHT_ReadAPDPReg(AP reg 0x03)
T8D2C 000:602.626   Value=0x00000000
T8D2C 000:602.696 - 0.362ms returns 0
T8D2C 000:602.738 JLINK_CORESIGHT_WriteAPDPReg(AP reg 0x00, 0x80000002)
T8D2C 000:602.997 - 0.259ms returns 0
T8D2C 000:603.054 JLINK_CORESIGHT_WriteAPDPReg(AP reg 0x01, 0x80011130)
T8D2C 000:603.312 - 0.257ms returns 0
T8D2C 000:603.367 JLINK_CORESIGHT_ReadAPDPReg(AP reg 0x03)
T8D2C 000:603.651   Value=0x75020081
T8D2C 000:603.719 - 0.352ms returns 0
T8D2C 000:603.759 JLINK_CORESIGHT_WriteAPDPReg(AP reg 0x00, 0x80000002)
T8D2C 000:604.025 - 0.265ms returns 0
T8D2C 000:604.071 JLINK_CORESIGHT_WriteAPDPReg(AP reg 0x01, 0x80011140)
T8D2C 000:604.328 - 0.257ms returns 0
T8D2C 000:604.404 JLINK_CORESIGHT_ReadAPDPReg(AP reg 0x03)
T8D2C 000:604.707   Value=0x00000000
T8D2C 000:604.806 - 0.401ms returns 0
T8D2C 000:604.851 JLINK_CORESIGHT_WriteAPDPReg(AP reg 0x00, 0x80000002)
T8D2C 000:605.087 - 0.235ms returns 0
T8D2C 000:605.145 JLINK_CORESIGHT_WriteAPDPReg(AP reg 0x01, 0x80011130)
T8D2C 000:605.464 - 0.318ms returns 0
T8D2C 000:605.595 JLINK_CORESIGHT_ReadAPDPReg(AP reg 0x03)
T8D2C 000:606.027   Value=0x00038702
T8D2C 000:606.090 - 0.495ms returns 0
T8D2C 000:606.132 JLINK_CORESIGHT_WriteAPDPReg(AP reg 0x00, 0x80000002)
T8D2C 000:606.362 - 0.229ms returns 0
T8D2C 000:606.436 JLINK_CORESIGHT_WriteAPDPReg(AP reg 0x01, 0x80011140)
T8D2C 000:606.709 - 0.272ms returns 0
T8D2C 000:606.782 JLINK_CORESIGHT_ReadAPDPReg(AP reg 0x03)
T8D2C 000:607.104   Value=0x00000002
T8D2C 000:607.146 - 0.364ms returns 0
T8D2C 000:607.171 JLINK_CORESIGHT_WriteAPDPReg(AP reg 0x00, 0x80000002)
T8D2C 000:607.464 - 0.292ms returns 0
T8D2C 000:607.555 JLINK_CORESIGHT_WriteAPDPReg(AP reg 0x01, 0x80011120)
T8D2C 000:607.810 - 0.255ms returns 0
T8D2C 000:607.855 JLINK_CORESIGHT_WriteAPDPReg(AP reg 0x03, 0x4F010001)
T8D2C 000:608.147 - 0.291ms returns 0
T8D2C 000:608.288 JLINK_CORESIGHT_WriteAPDPReg(AP reg 0x00, 0x80000002)
T8D2C 000:608.562 - 0.274ms returns 0
T8D2C 000:608.650 JLINK_CORESIGHT_WriteAPDPReg(AP reg 0x01, 0x80011140)
T8D2C 000:608.910 - 0.259ms returns 0
T8D2C 000:608.978 JLINK_CORESIGHT_ReadAPDPReg(AP reg 0x03)
T8D2C 000:609.284   Value=0x00000002
T8D2C 000:609.360 - 0.382ms returns 0
T8D2C 000:609.383 JLINK_CORESIGHT_WriteAPDPReg(AP reg 0x00, 0x80000002)
T8D2C 000:609.596 - 0.212ms returns 0
T8D2C 000:609.673 JLINK_CORESIGHT_WriteAPDPReg(AP reg 0x01, 0x80011120)
T8D2C 000:609.944 - 0.271ms returns 0
T8D2C 000:609.977 JLINK_CORESIGHT_WriteAPDPReg(AP reg 0x03, 0x000003B0)
T8D2C 000:610.203 - 0.225ms returns 0
T8D2C 000:610.228 JLINK_CORESIGHT_WriteAPDPReg(AP reg 0x00, 0x80000002)
T8D2C 000:610.445 - 0.217ms returns 0
T8D2C 000:610.470 JLINK_CORESIGHT_WriteAPDPReg(AP reg 0x01, 0x80011140)
T8D2C 000:610.676 - 0.206ms returns 0
T8D2C 000:610.700 JLINK_CORESIGHT_ReadAPDPReg(AP reg 0x03)
T8D2C 000:610.941   Value=0x00000000
T8D2C 000:610.973 - 0.273ms returns 0
T8D2C 000:611.006 JLINK_CORESIGHT_WriteAPDPReg(AP reg 0x00, 0x80000002)
T8D2C 000:611.191 - 0.185ms returns 0
T8D2C 000:611.222 JLINK_CORESIGHT_WriteAPDPReg(AP reg 0x01, 0x80011130)
T8D2C 000:611.448 - 0.226ms returns 0
T8D2C 000:611.477 JLINK_CORESIGHT_ReadAPDPReg(AP reg 0x03)
T8D2C 000:611.743   Value=0x4F0B0081
T8D2C 000:611.839 - 0.362ms returns 0
T8D2C 000:611.898 JLINK_CORESIGHT_WriteAPDPReg(AP reg 0x00, 0x80000002)
T8D2C 000:612.153 - 0.255ms returns 0
T8D2C 000:612.211 JLINK_CORESIGHT_WriteAPDPReg(AP reg 0x01, 0x80011140)
T8D2C 000:612.456 - 0.245ms returns 0
T8D2C 000:612.502 JLINK_CORESIGHT_ReadAPDPReg(AP reg 0x03)
T8D2C 000:612.802   Value=0x00000000
T8D2C 000:612.850 - 0.347ms returns 0
T8D2C 000:612.884 JLINK_CORESIGHT_WriteAPDPReg(AP reg 0x00, 0x80000002)
T8D2C 000:613.121 - 0.237ms returns 0
T8D2C 000:613.169 JLINK_CORESIGHT_WriteAPDPReg(AP reg 0x01, 0x80011130)
T8D2C 000:613.455 - 0.286ms returns 0
T8D2C 000:613.500 JLINK_CORESIGHT_ReadAPDPReg(AP reg 0x03)
T8D2C 000:613.822   Value=0x20000000
T8D2C 000:613.915 - 0.414ms returns 0
T8D2C 000:614.930 JLINK_CORESIGHT_WriteAPDPReg(AP reg 0x00, 0x80000002)
T8D2C 000:615.240 - 0.309ms returns 0
T8D2C 000:615.300 JLINK_CORESIGHT_WriteAPDPReg(AP reg 0x01, 0x80011140)
T8D2C 000:615.552 - 0.252ms returns 0
T8D2C 000:615.610 JLINK_CORESIGHT_ReadAPDPReg(AP reg 0x03)
T8D2C 000:615.904   Value=0x00000000
T8D2C 000:615.993 - 0.383ms returns 0
T8D2C 000:616.039 JLINK_CORESIGHT_WriteAPDPReg(AP reg 0x00, 0x80000002)
T8D2C 000:616.333 - 0.294ms returns 0
T8D2C 000:616.396 JLINK_CORESIGHT_WriteAPDPReg(AP reg 0x01, 0x80011130)
T8D2C 000:616.655 - 0.259ms returns 0
T8D2C 000:616.713 JLINK_CORESIGHT_ReadAPDPReg(AP reg 0x03)
T8D2C 000:617.055   Value=0x00000000
T8D2C 000:617.127 - 0.414ms returns 0
T8D2C 000:617.169 JLINK_CORESIGHT_WriteAPDPReg(AP reg 0x00, 0x80000002)
T8D2C 000:617.453 - 0.282ms returns 0
T8D2C 000:617.529 JLINK_CORESIGHT_WriteAPDPReg(AP reg 0x01, 0x80011140)
T8D2C 000:617.805 - 0.275ms returns 0
T8D2C 000:617.934 JLINK_CORESIGHT_ReadAPDPReg(AP reg 0x03)
T8D2C 000:618.259   Value=0x00000000
T8D2C 000:618.369 - 0.435ms returns 0
T8D2C 000:618.411 JLINK_CORESIGHT_WriteAPDPReg(AP reg 0x00, 0x80000002)
T8D2C 000:618.647 - 0.236ms returns 0
T8D2C 000:618.711 JLINK_CORESIGHT_WriteAPDPReg(AP reg 0x01, 0x80011130)
T8D2C 000:619.042 - 0.331ms returns 0
T8D2C 000:619.100 JLINK_CORESIGHT_ReadAPDPReg(AP reg 0x03)
T8D2C 000:619.453   Value=0x03860000
T8D2C 000:619.525 - 0.424ms returns 0
T8D2C 000:619.686 JLINK_CORESIGHT_ReadAPDPReg(DP reg 0x01)
T8D2C 000:620.095   Value=0xF0000F40
T8D2C 000:620.153 - 0.467ms returns 0
T8D2C 000:620.190 JLINK_CORESIGHT_WriteAPDPReg(DP reg 0x01, 0xA0000F40)
T8D2C 000:620.450 - 0.260ms returns 0
T8D2C 000:620.492 JLINK_CORESIGHT_ReadAPDPReg(DP reg 0x01)
T8D2C 000:620.741   Value=0x00000F40
T8D2C 000:620.805 - 0.313ms returns 0
T8D2C 000:620.833 JLINK_ClrRESET()
T8D2C 000:621.064 - 0.230ms 
T8D2C 000:725.771 JLINK_Close()
T8D2C 000:739.463 - 13.690ms
T8D2C 000:739.537   
T8D2C 000:739.555   Closed
