T25B0 000:001.268   SEGGER J-Link V8.58 Log File
T25B0 000:001.464   DLL Compiled: Aug  6 2025 12:29:52
T25B0 000:001.490   Logging started @ 2025-10-09 08:33
T25B0 000:001.515   Process: C:\Users\jerry.chen\.eclipse\com.renesas.platform_1435879475\DebugComp\RA\e2-server-gdb.exe
T25B0 000:001.544 - 1.539ms 
T25B0 000:001.578 JLINK_GetDLLVersion()
T25B0 000:001.603 - 0.025ms returns 85800
T25B0 000:007.856 JLINK_OpenEx(...)
T25B0 000:024.015   Firmware: J-Link OB-RA4M2 compiled Jul  8 2025 10:15:56
T25B0 000:024.714   Firmware: J-Link OB-RA4M2 compiled Jul  8 2025 10:15:56
T25B0 000:040.917   Hardware: V1.00
T25B0 000:041.004   S/N: 1081209650
T25B0 000:041.040   OEM: SEGGER
T25B0 000:041.075   Feature(s): None
T25B0 000:042.458   Bootloader: 2021 May 14
T25B0 000:042.863   USB speed mode: Full speed (12 MBit/s)
T25B0 000:043.299   TELNET listener socket opened on port 19021
T25B0 000:043.557   WEBSRV WEBSRV_Init(): Starting webserver thread(s)
T25B0 000:043.883   WEBSRV Webserver running on local port 19080
T25B0 000:044.077   Looking for J-Link GUI Server exe at: C:\Users\jerry.chen\.eclipse\com.renesas.platform_1435879475\DebugComp\RA\ARM\Segger_v8.58.0\JLinkGUIServer.exe
T25B0 000:044.243   Looking for J-Link GUI Server exe at: C:\Program Files\SEGGER\JLink_V858\JLinkGUIServer.exe
T25B0 000:044.292   Forking J-Link GUI Server: C:\Program Files\SEGGER\JLink_V858\JLinkGUIServer.exe
T25B0 000:420.126   J-Link GUI Server info: "J-Link GUI server V8.58 "
T25B0 000:429.031 - 421.164ms returns "O.K."
T25B0 000:429.470 JLINK_TIF_Select(JLINKARM_TIF_SWD)
T25B0 000:430.012 - 0.550ms returns 0x00
T25B0 000:430.054 JLINK_ClrRESET()
T25B0 000:430.209 - 0.155ms 
T25B0 000:480.442 JLINK_SetSpeed(1500)
T25B0 000:480.618 - 0.235ms 
T25B0 000:480.662 JLINK_CORESIGHT_Configure(PerformTIFInit=0)
T25B0 000:481.032 - 0.372ms returns 0
T25B0 000:481.478 JLINK_CORESIGHT_ReadAPDPReg(DP reg 0x00)
T25B0 000:481.897   Value=0x6BA02477
T25B0 000:481.944 - 0.603ms returns 0
T25B0 000:481.959 JLINK_CORESIGHT_WriteAPDPReg(DP reg 0x00, 0x0000001F)
T25B0 000:482.144 - 0.184ms returns 0
T25B0 000:482.159 JLINK_CORESIGHT_ReadAPDPReg(DP reg 0x00)
T25B0 000:482.397   Value=0x6BA02477
T25B0 000:482.420 - 0.260ms returns 0
T25B0 000:482.434 JLINK_CORESIGHT_WriteAPDPReg(DP reg 0x02, 0x00000000)
T25B0 000:482.618 - 0.184ms returns 0
T25B0 000:482.633 JLINK_CORESIGHT_WriteAPDPReg(DP reg 0x01, 0x50000000)
T25B0 000:482.818 - 0.184ms returns 0
T25B0 000:483.058 JLINK_CORESIGHT_ReadAPDPReg(DP reg 0x01)
T25B0 000:483.248   Value=0xF0000040
T25B0 000:483.267 - 0.208ms returns 0
T25B0 000:483.280 JLINK_CORESIGHT_WriteAPDPReg(DP reg 0x00, 0x0000001F)
T25B0 000:483.498 - 0.217ms returns 0
T25B0 000:483.514 JLINK_CORESIGHT_ReadAPDPReg(DP reg 0x00)
T25B0 000:483.703   Value=0x6BA02477
T25B0 000:483.721 - 0.207ms returns 0
T25B0 000:483.743 JLINK_CORESIGHT_WriteAPDPReg(DP reg 0x01, 0x54000000)
T25B0 000:483.925 - 0.182ms returns 0
T25B0 000:483.940 JLINK_CORESIGHT_WriteAPDPReg(DP reg 0x01, 0x50000F00)
T25B0 000:484.122 - 0.182ms returns 0
T25B0 000:484.137 JLINK_CORESIGHT_WriteAPDPReg(DP reg 0x02, 0x01000000)
T25B0 000:484.396 - 0.258ms returns 0
T25B0 000:484.415 JLINK_CORESIGHT_WriteAPDPReg(AP reg 0x00, 0x80000002)
T25B0 000:484.604 - 0.188ms returns 0
T25B0 000:484.620 JLINK_CORESIGHT_WriteAPDPReg(AP reg 0x01, 0x80011100)
T25B0 000:484.804 - 0.184ms returns 0
T25B0 000:484.819 JLINK_CORESIGHT_WriteAPDPReg(AP reg 0x03, 0x000000A5)
T25B0 000:485.002 - 0.183ms returns 0
T25B0 000:485.017 JLINK_CORESIGHT_WriteAPDPReg(AP reg 0x00, 0x80000002)
T25B0 000:485.202 - 0.185ms returns 0
T25B0 000:485.217 JLINK_CORESIGHT_WriteAPDPReg(AP reg 0x01, 0x80011100)
T25B0 000:485.396 - 0.178ms returns 0
T25B0 000:485.411 JLINK_CORESIGHT_ReadAPDPReg(AP reg 0x03)
T25B0 000:485.635   Value=0x000000A5
T25B0 000:485.704 - 0.293ms returns 0
T25B0 000:485.945 JLINK_ClrTMS()
T25B0 000:486.092 - 0.359ms 
T25B0 000:491.390 JLINK_SetTCK()
T25B0 000:491.507 - 0.117ms returns 0
T25B0 000:497.374 JLINK_SetRESET()
T25B0 000:497.509 - 0.136ms 
T25B0 000:698.438 JLINK_CORESIGHT_WriteAPDPReg(AP reg 0x00, 0x80000002)
T25B0 000:698.785 - 0.348ms returns 0
T25B0 000:698.833 JLINK_CORESIGHT_WriteAPDPReg(AP reg 0x01, 0x80011100)
T25B0 000:699.035 - 0.201ms returns 0
T25B0 000:699.065 JLINK_CORESIGHT_ReadAPDPReg(AP reg 0x03)
T25B0 000:699.284   Value=0x00000000
T25B0 000:699.303 - 0.238ms returns 0
T25B0 000:699.317 JLINK_CORESIGHT_WriteAPDPReg(AP reg 0x00, 0x80000002)
T25B0 000:699.499 - 0.182ms returns 0
T25B0 000:699.516 JLINK_CORESIGHT_WriteAPDPReg(AP reg 0x01, 0x80011140)
T25B0 000:699.677 - 0.160ms returns 0
T25B0 000:699.693 JLINK_CORESIGHT_ReadAPDPReg(AP reg 0x03)
T25B0 000:699.916   Value=0x00000002
T25B0 000:699.934 - 0.240ms returns 0
T25B0 000:699.946 JLINK_CORESIGHT_WriteAPDPReg(AP reg 0x00, 0x80000002)
T25B0 000:700.126 - 0.179ms returns 0
T25B0 000:700.140 JLINK_CORESIGHT_WriteAPDPReg(AP reg 0x01, 0x80011120)
T25B0 000:700.296 - 0.156ms returns 0
T25B0 000:700.310 JLINK_CORESIGHT_WriteAPDPReg(AP reg 0x03, 0x00000055)
T25B0 000:702.392 - 2.079ms returns 0
T25B0 000:702.445 JLINK_CORESIGHT_WriteAPDPReg(AP reg 0x00, 0x80000002)
T25B0 000:702.676 - 0.231ms returns 0
T25B0 000:702.691 JLINK_CORESIGHT_WriteAPDPReg(AP reg 0x01, 0x80011140)
T25B0 000:702.887 - 0.195ms returns 0
T25B0 000:702.926 JLINK_CORESIGHT_ReadAPDPReg(AP reg 0x03)
T25B0 000:703.181   Value=0x00000002
T25B0 000:703.203 - 0.277ms returns 0
T25B0 000:703.217 JLINK_CORESIGHT_ReadAPDPReg(AP reg 0x03)
T25B0 000:703.433   Value=0x00000002
T25B0 000:703.458 - 0.241ms returns 0
T25B0 000:703.472 JLINK_CORESIGHT_ReadAPDPReg(AP reg 0x03)
T25B0 000:703.693   Value=0x00000002
T25B0 000:703.712 - 0.239ms returns 0
T25B0 000:703.724 JLINK_CORESIGHT_ReadAPDPReg(AP reg 0x03)
T25B0 000:703.942   Value=0x00000002
T25B0 000:703.959 - 0.235ms returns 0
T25B0 000:703.972 JLINK_CORESIGHT_ReadAPDPReg(AP reg 0x03)
T25B0 000:704.186   Value=0x00000002
T25B0 000:704.203 - 0.231ms returns 0
T25B0 000:704.216 JLINK_CORESIGHT_ReadAPDPReg(AP reg 0x03)
T25B0 000:704.425   Value=0x00000002
T25B0 000:704.443 - 0.227ms returns 0
T25B0 000:704.457 JLINK_CORESIGHT_ReadAPDPReg(AP reg 0x03)
T25B0 000:704.681   Value=0x00000002
T25B0 000:704.699 - 0.242ms returns 0
T25B0 000:704.711 JLINK_CORESIGHT_ReadAPDPReg(AP reg 0x03)
T25B0 000:704.923   Value=0x00000002
T25B0 000:704.941 - 0.230ms returns 0
T25B0 000:704.953 JLINK_CORESIGHT_ReadAPDPReg(AP reg 0x03)
T25B0 000:705.166   Value=0x00000002
T25B0 000:705.184 - 0.231ms returns 0
T25B0 000:705.196 JLINK_CORESIGHT_ReadAPDPReg(AP reg 0x03)
T25B0 000:705.430   Value=0x00000002
T25B0 000:705.459 - 0.262ms returns 0
T25B0 000:705.473 JLINK_CORESIGHT_ReadAPDPReg(AP reg 0x03)
T25B0 000:705.754   Value=0x00000002
T25B0 000:705.780 - 0.307ms returns 0
T25B0 000:705.793 JLINK_CORESIGHT_ReadAPDPReg(AP reg 0x03)
T25B0 000:706.054   Value=0x00000002
T25B0 000:706.071 - 0.278ms returns 0
T25B0 000:706.083 JLINK_CORESIGHT_ReadAPDPReg(AP reg 0x03)
T25B0 000:706.303   Value=0x00000002
T25B0 000:706.321 - 0.237ms returns 0
T25B0 000:706.333 JLINK_CORESIGHT_ReadAPDPReg(AP reg 0x03)
T25B0 000:706.556   Value=0x00000002
T25B0 000:706.574 - 0.241ms returns 0
T25B0 000:706.586 JLINK_CORESIGHT_ReadAPDPReg(AP reg 0x03)
T25B0 000:706.799   Value=0x00000002
T25B0 000:706.818 - 0.231ms returns 0
T25B0 000:706.830 JLINK_CORESIGHT_ReadAPDPReg(AP reg 0x03)
T25B0 000:707.046   Value=0x00000002
T25B0 000:707.063 - 0.233ms returns 0
T25B0 000:707.075 JLINK_CORESIGHT_ReadAPDPReg(AP reg 0x03)
T25B0 000:707.292   Value=0x00000002
T25B0 000:707.310 - 0.234ms returns 0
T25B0 000:707.321 JLINK_CORESIGHT_ReadAPDPReg(AP reg 0x03)
T25B0 000:707.557   Value=0x00000002
T25B0 000:707.580 - 0.258ms returns 0
T25B0 000:707.593 JLINK_CORESIGHT_ReadAPDPReg(AP reg 0x03)
T25B0 000:707.830   Value=0x00000002
T25B0 000:707.848 - 0.255ms returns 0
T25B0 000:707.860 JLINK_CORESIGHT_ReadAPDPReg(AP reg 0x03)
T25B0 000:708.072   Value=0x00000002
T25B0 000:708.090 - 0.229ms returns 0
T25B0 000:708.102 JLINK_CORESIGHT_ReadAPDPReg(AP reg 0x03)
T25B0 000:708.396   Value=0x00000002
T25B0 000:708.484 - 0.381ms returns 0
T25B0 000:708.497 JLINK_CORESIGHT_ReadAPDPReg(AP reg 0x03)
T25B0 000:708.711   Value=0x00000002
T25B0 000:708.729 - 0.232ms returns 0
T25B0 000:708.741 JLINK_CORESIGHT_ReadAPDPReg(AP reg 0x03)
T25B0 000:708.960   Value=0x00000002
T25B0 000:708.978 - 0.236ms returns 0
T25B0 000:708.990 JLINK_CORESIGHT_ReadAPDPReg(AP reg 0x03)
T25B0 000:709.202   Value=0x00000002
T25B0 000:709.219 - 0.229ms returns 0
T25B0 000:709.232 JLINK_CORESIGHT_ReadAPDPReg(AP reg 0x03)
T25B0 000:709.458   Value=0x00000002
T25B0 000:709.481 - 0.249ms returns 0
T25B0 000:709.494 JLINK_CORESIGHT_ReadAPDPReg(AP reg 0x03)
T25B0 000:709.711   Value=0x00000002
T25B0 000:709.735 - 0.240ms returns 0
T25B0 000:709.749 JLINK_CORESIGHT_ReadAPDPReg(AP reg 0x03)
T25B0 000:710.042   Value=0x00000002
T25B0 000:710.069 - 0.319ms returns 0
T25B0 000:710.082 JLINK_CORESIGHT_ReadAPDPReg(AP reg 0x03)
T25B0 000:710.457   Value=0x00000002
T25B0 000:710.539 - 0.455ms returns 0
T25B0 000:711.095 JLINK_CORESIGHT_ReadAPDPReg(AP reg 0x03)
T25B0 000:711.405   Value=0x00000002
T25B0 000:711.460 - 0.366ms returns 0
T25B0 000:711.475 JLINK_CORESIGHT_ReadAPDPReg(AP reg 0x03)
T25B0 000:711.693   Value=0x00000002
T25B0 000:711.715 - 0.240ms returns 0
T25B0 000:711.728 JLINK_CORESIGHT_ReadAPDPReg(AP reg 0x03)
T25B0 000:711.952   Value=0x00000002
T25B0 000:711.970 - 0.241ms returns 0
T25B0 000:711.982 JLINK_CORESIGHT_ReadAPDPReg(AP reg 0x03)
T25B0 000:712.197   Value=0x00000002
T25B0 000:712.215 - 0.233ms returns 0
T25B0 000:712.227 JLINK_CORESIGHT_ReadAPDPReg(AP reg 0x03)
T25B0 000:712.432   Value=0x00000002
T25B0 000:712.452 - 0.225ms returns 0
T25B0 000:712.465 JLINK_CORESIGHT_ReadAPDPReg(AP reg 0x03)
T25B0 000:712.685   Value=0x00000002
T25B0 000:712.703 - 0.237ms returns 0
T25B0 000:712.715 JLINK_CORESIGHT_ReadAPDPReg(AP reg 0x03)
T25B0 000:712.927   Value=0x00000002
T25B0 000:712.945 - 0.229ms returns 0
T25B0 000:712.957 JLINK_CORESIGHT_ReadAPDPReg(AP reg 0x03)
T25B0 000:713.171   Value=0x00000002
T25B0 000:713.188 - 0.231ms returns 0
T25B0 000:713.200 JLINK_CORESIGHT_ReadAPDPReg(AP reg 0x03)
T25B0 000:713.420   Value=0x00000002
T25B0 000:713.499 - 0.297ms returns 0
T25B0 000:713.526 JLINK_CORESIGHT_ReadAPDPReg(AP reg 0x03)
T25B0 000:713.769   Value=0x00000002
T25B0 000:713.792 - 0.266ms returns 0
T25B0 000:713.805 JLINK_CORESIGHT_ReadAPDPReg(AP reg 0x03)
T25B0 000:714.019   Value=0x00000002
T25B0 000:714.037 - 0.232ms returns 0
T25B0 000:714.050 JLINK_CORESIGHT_ReadAPDPReg(AP reg 0x03)
T25B0 000:714.263   Value=0x00000002
T25B0 000:714.289 - 0.239ms returns 0
T25B0 000:714.303 JLINK_CORESIGHT_ReadAPDPReg(AP reg 0x03)
T25B0 000:714.599   Value=0x00000002
T25B0 000:714.622 - 0.318ms returns 0
T25B0 000:714.635 JLINK_CORESIGHT_ReadAPDPReg(AP reg 0x03)
T25B0 000:714.858   Value=0x00000002
T25B0 000:714.878 - 0.243ms returns 0
T25B0 000:714.891 JLINK_CORESIGHT_ReadAPDPReg(AP reg 0x03)
T25B0 000:715.112   Value=0x00000002
T25B0 000:715.133 - 0.241ms returns 0
T25B0 000:715.145 JLINK_CORESIGHT_ReadAPDPReg(AP reg 0x03)
T25B0 000:715.392   Value=0x00000002
T25B0 000:715.413 - 0.267ms returns 0
T25B0 000:715.426 JLINK_CORESIGHT_ReadAPDPReg(AP reg 0x03)
T25B0 000:715.782   Value=0x00000002
T25B0 000:715.819 - 0.393ms returns 0
T25B0 000:715.833 JLINK_CORESIGHT_ReadAPDPReg(AP reg 0x03)
T25B0 000:716.058   Value=0x00000002
T25B0 000:716.076 - 0.242ms returns 0
T25B0 000:716.088 JLINK_CORESIGHT_ReadAPDPReg(AP reg 0x03)
T25B0 000:716.307   Value=0x00000002
T25B0 000:716.325 - 0.236ms returns 0
T25B0 000:716.338 JLINK_CORESIGHT_ReadAPDPReg(AP reg 0x03)
T25B0 000:716.556   Value=0x00000002
T25B0 000:716.574 - 0.236ms returns 0
T25B0 000:716.589 JLINK_CORESIGHT_ReadAPDPReg(AP reg 0x03)
T25B0 000:716.806   Value=0x00000002
T25B0 000:716.824 - 0.235ms returns 0
T25B0 000:716.837 JLINK_CORESIGHT_ReadAPDPReg(AP reg 0x03)
T25B0 000:717.054   Value=0x00000002
T25B0 000:717.072 - 0.235ms returns 0
T25B0 000:717.084 JLINK_CORESIGHT_ReadAPDPReg(AP reg 0x03)
T25B0 000:717.307   Value=0x00000002
T25B0 000:717.327 - 0.242ms returns 0
T25B0 000:717.339 JLINK_CORESIGHT_ReadAPDPReg(AP reg 0x03)
T25B0 000:717.576   Value=0x00000000
T25B0 000:717.604 - 0.264ms returns 0
T25B0 000:717.618 JLINK_CORESIGHT_WriteAPDPReg(AP reg 0x00, 0x80000002)
T25B0 000:717.784 - 0.166ms returns 0
T25B0 000:717.804 JLINK_CORESIGHT_WriteAPDPReg(AP reg 0x01, 0x80011130)
T25B0 000:718.039 - 0.235ms returns 0
T25B0 000:718.070 JLINK_CORESIGHT_ReadAPDPReg(AP reg 0x03)
T25B0 000:718.408   Value=0x000000C6
T25B0 000:718.478 - 0.408ms returns 0
T25B0 000:718.513 JLINK_CORESIGHT_WriteAPDPReg(AP reg 0x00, 0x80000002)
T25B0 000:718.718 - 0.206ms returns 0
T25B0 000:718.743 JLINK_CORESIGHT_WriteAPDPReg(AP reg 0x01, 0x80011140)
T25B0 000:718.937 - 0.193ms returns 0
T25B0 000:718.952 JLINK_CORESIGHT_ReadAPDPReg(AP reg 0x03)
T25B0 000:719.166   Value=0x00000002
T25B0 000:719.184 - 0.232ms returns 0
T25B0 000:719.197 JLINK_CORESIGHT_WriteAPDPReg(AP reg 0x00, 0x80000002)
T25B0 000:719.445 - 0.248ms returns 0
T25B0 000:719.508 JLINK_CORESIGHT_WriteAPDPReg(AP reg 0x01, 0x80011120)
T25B0 000:719.757 - 0.250ms returns 0
T25B0 000:719.778 JLINK_CORESIGHT_WriteAPDPReg(AP reg 0x03, 0x3A010001)
T25B0 000:719.967 - 0.189ms returns 0
T25B0 000:719.982 JLINK_CORESIGHT_WriteAPDPReg(AP reg 0x00, 0x80000002)
T25B0 000:720.166 - 0.183ms returns 0
T25B0 000:720.180 JLINK_CORESIGHT_WriteAPDPReg(AP reg 0x01, 0x80011140)
T25B0 000:720.394 - 0.213ms returns 0
T25B0 000:720.433 JLINK_CORESIGHT_ReadAPDPReg(AP reg 0x03)
T25B0 000:720.722   Value=0x00000002
T25B0 000:720.749 - 0.316ms returns 0
T25B0 000:720.763 JLINK_CORESIGHT_WriteAPDPReg(AP reg 0x00, 0x80000002)
T25B0 000:720.972 - 0.209ms returns 0
T25B0 000:721.015 JLINK_CORESIGHT_WriteAPDPReg(AP reg 0x01, 0x80011120)
T25B0 000:721.249 - 0.234ms returns 0
T25B0 000:721.273 JLINK_CORESIGHT_WriteAPDPReg(AP reg 0x03, 0x000003C5)
T25B0 000:723.408 - 2.134ms returns 0
T25B0 000:723.461 JLINK_CORESIGHT_WriteAPDPReg(AP reg 0x00, 0x80000002)
T25B0 000:723.661 - 0.200ms returns 0
T25B0 000:723.678 JLINK_CORESIGHT_WriteAPDPReg(AP reg 0x01, 0x80011140)
T25B0 000:723.870 - 0.192ms returns 0
T25B0 000:723.887 JLINK_CORESIGHT_ReadAPDPReg(AP reg 0x03)
T25B0 000:724.107   Value=0x00000002
T25B0 000:724.127 - 0.240ms returns 0
T25B0 000:724.140 JLINK_CORESIGHT_ReadAPDPReg(AP reg 0x03)
T25B0 000:724.532   Value=0x00000002
T25B0 000:724.672 - 0.530ms returns 0
T25B0 000:724.733 JLINK_CORESIGHT_ReadAPDPReg(AP reg 0x03)
T25B0 000:725.074   Value=0x00000002
T25B0 000:725.140 - 0.407ms returns 0
T25B0 000:725.169 JLINK_CORESIGHT_ReadAPDPReg(AP reg 0x03)
T25B0 000:725.400   Value=0x00000002
T25B0 000:725.437 - 0.267ms returns 0
T25B0 000:725.462 JLINK_CORESIGHT_ReadAPDPReg(AP reg 0x03)
T25B0 000:725.701   Value=0x00000002
T25B0 000:725.741 - 0.279ms returns 0
T25B0 000:725.786 JLINK_CORESIGHT_ReadAPDPReg(AP reg 0x03)
T25B0 000:726.019   Value=0x00000000
T25B0 000:726.043 - 0.257ms returns 0
T25B0 000:726.058 JLINK_CORESIGHT_WriteAPDPReg(AP reg 0x00, 0x80000002)
T25B0 000:726.226 - 0.168ms returns 0
T25B0 000:726.252 JLINK_CORESIGHT_WriteAPDPReg(AP reg 0x01, 0x80011130)
T25B0 000:726.498 - 0.246ms returns 0
T25B0 000:726.520 JLINK_CORESIGHT_ReadAPDPReg(AP reg 0x03)
T25B0 000:726.766   Value=0x3A2A0081
T25B0 000:726.786 - 0.266ms returns 0
T25B0 000:726.799 JLINK_CORESIGHT_WriteAPDPReg(AP reg 0x00, 0x80000002)
T25B0 000:727.002 - 0.203ms returns 0
T25B0 000:727.017 JLINK_CORESIGHT_WriteAPDPReg(AP reg 0x01, 0x80011140)
T25B0 000:727.218 - 0.200ms returns 0
T25B0 000:727.233 JLINK_CORESIGHT_ReadAPDPReg(AP reg 0x03)
T25B0 000:727.462   Value=0x00000000
T25B0 000:727.486 - 0.252ms returns 0
T25B0 000:727.499 JLINK_CORESIGHT_WriteAPDPReg(AP reg 0x00, 0x80000002)
T25B0 000:727.694 - 0.195ms returns 0
T25B0 000:727.710 JLINK_CORESIGHT_WriteAPDPReg(AP reg 0x01, 0x80011130)
T25B0 000:727.893 - 0.183ms returns 0
T25B0 000:727.911 JLINK_CORESIGHT_ReadAPDPReg(AP reg 0x03)
T25B0 000:728.125   Value=0x808D5B00
T25B0 000:728.148 - 0.236ms returns 0
T25B0 000:728.221 JLINK_CORESIGHT_WriteAPDPReg(AP reg 0x00, 0x80000002)
T25B0 000:728.414 - 0.193ms returns 0
T25B0 000:728.430 JLINK_CORESIGHT_WriteAPDPReg(AP reg 0x01, 0x80011140)
T25B0 000:728.610 - 0.180ms returns 0
T25B0 000:728.625 JLINK_CORESIGHT_ReadAPDPReg(AP reg 0x03)
T25B0 000:728.841   Value=0x00000000
T25B0 000:728.859 - 0.234ms returns 0
T25B0 000:728.871 JLINK_CORESIGHT_WriteAPDPReg(AP reg 0x00, 0x80000002)
T25B0 000:729.052 - 0.181ms returns 0
T25B0 000:729.066 JLINK_CORESIGHT_WriteAPDPReg(AP reg 0x01, 0x80011130)
T25B0 000:729.247 - 0.180ms returns 0
T25B0 000:729.261 JLINK_CORESIGHT_ReadAPDPReg(AP reg 0x03)
T25B0 000:729.492   Value=0x0206070A
T25B0 000:729.510 - 0.249ms returns 0
T25B0 000:729.522 JLINK_CORESIGHT_WriteAPDPReg(AP reg 0x00, 0x80000002)
T25B0 000:729.702 - 0.180ms returns 0
T25B0 000:729.716 JLINK_CORESIGHT_WriteAPDPReg(AP reg 0x01, 0x80011140)
T25B0 000:729.912 - 0.195ms returns 0
T25B0 000:729.969 JLINK_CORESIGHT_ReadAPDPReg(AP reg 0x03)
T25B0 000:730.210   Value=0x00000000
T25B0 000:730.235 - 0.266ms returns 0
T25B0 000:730.249 JLINK_CORESIGHT_WriteAPDPReg(AP reg 0x00, 0x80000002)
T25B0 000:730.457 - 0.208ms returns 0
T25B0 000:730.471 JLINK_CORESIGHT_WriteAPDPReg(AP reg 0x01, 0x80011130)
T25B0 000:730.652 - 0.181ms returns 0
T25B0 000:730.666 JLINK_CORESIGHT_ReadAPDPReg(AP reg 0x03)
T25B0 000:730.884   Value=0x2F545405
T25B0 000:730.902 - 0.236ms returns 0
T25B0 000:730.915 JLINK_CORESIGHT_WriteAPDPReg(AP reg 0x00, 0x80000002)
T25B0 000:731.096 - 0.181ms returns 0
T25B0 000:731.111 JLINK_CORESIGHT_WriteAPDPReg(AP reg 0x01, 0x80011140)
T25B0 000:731.274 - 0.163ms returns 0
T25B0 000:731.289 JLINK_CORESIGHT_ReadAPDPReg(AP reg 0x03)
T25B0 000:731.557   Value=0x00000000
T25B0 000:731.575 - 0.286ms returns 0
T25B0 000:731.587 JLINK_CORESIGHT_WriteAPDPReg(AP reg 0x00, 0x80000002)
T25B0 000:731.768 - 0.181ms returns 0
T25B0 000:731.783 JLINK_CORESIGHT_WriteAPDPReg(AP reg 0x01, 0x80011130)
T25B0 000:731.965 - 0.181ms returns 0
T25B0 000:731.999 JLINK_CORESIGHT_ReadAPDPReg(AP reg 0x03)
T25B0 000:732.222   Value=0x548D9907
T25B0 000:732.247 - 0.247ms returns 0
T25B0 000:732.259 JLINK_CORESIGHT_WriteAPDPReg(AP reg 0x00, 0x80000002)
T25B0 000:732.425 - 0.165ms returns 0
T25B0 000:732.439 JLINK_CORESIGHT_WriteAPDPReg(AP reg 0x01, 0x80011140)
T25B0 000:732.629 - 0.189ms returns 0
T25B0 000:732.643 JLINK_CORESIGHT_ReadAPDPReg(AP reg 0x03)
T25B0 000:732.860   Value=0x00000000
T25B0 000:732.877 - 0.234ms returns 0
T25B0 000:732.890 JLINK_CORESIGHT_WriteAPDPReg(AP reg 0x00, 0x80000002)
T25B0 000:733.047 - 0.157ms returns 0
T25B0 000:733.061 JLINK_CORESIGHT_WriteAPDPReg(AP reg 0x01, 0x80011130)
T25B0 000:733.242 - 0.180ms returns 0
T25B0 000:733.256 JLINK_CORESIGHT_ReadAPDPReg(AP reg 0x03)
T25B0 000:733.507   Value=0x35375236
T25B0 000:733.525 - 0.268ms returns 0
T25B0 000:733.537 JLINK_CORESIGHT_WriteAPDPReg(AP reg 0x00, 0x80000002)
T25B0 000:733.703 - 0.165ms returns 0
T25B0 000:733.752 JLINK_CORESIGHT_WriteAPDPReg(AP reg 0x01, 0x80011140)
T25B0 000:733.955 - 0.203ms returns 0
T25B0 000:733.977 JLINK_CORESIGHT_ReadAPDPReg(AP reg 0x03)
T25B0 000:734.238   Value=0x00000000
T25B0 000:734.316 - 0.339ms returns 0
T25B0 000:734.343 JLINK_CORESIGHT_WriteAPDPReg(AP reg 0x00, 0x80000002)
T25B0 000:734.524 - 0.180ms returns 0
T25B0 000:734.546 JLINK_CORESIGHT_WriteAPDPReg(AP reg 0x01, 0x80011130)
T25B0 000:734.702 - 0.155ms returns 0
T25B0 000:734.717 JLINK_CORESIGHT_ReadAPDPReg(AP reg 0x03)
T25B0 000:734.929   Value=0x5A052D31
T25B0 000:734.972 - 0.255ms returns 0
T25B0 000:734.986 JLINK_CORESIGHT_WriteAPDPReg(AP reg 0x00, 0x80000002)
T25B0 000:735.175 - 0.189ms returns 0
T25B0 000:735.195 JLINK_CORESIGHT_WriteAPDPReg(AP reg 0x01, 0x80011140)
T25B0 000:735.394 - 0.198ms returns 0
T25B0 000:735.409 JLINK_CORESIGHT_ReadAPDPReg(AP reg 0x03)
T25B0 000:735.622   Value=0x00000000
T25B0 000:735.640 - 0.231ms returns 0
T25B0 000:735.652 JLINK_CORESIGHT_WriteAPDPReg(AP reg 0x00, 0x80000002)
T25B0 000:735.846 - 0.194ms returns 0
T25B0 000:735.861 JLINK_CORESIGHT_WriteAPDPReg(AP reg 0x01, 0x80011130)
T25B0 000:736.196 - 0.334ms returns 0
T25B0 000:736.738 JLINK_CORESIGHT_ReadAPDPReg(AP reg 0x03)
T25B0 000:736.989   Value=0x4B37526F
T25B0 000:737.021 - 0.283ms returns 0
T25B0 000:737.036 JLINK_CORESIGHT_WriteAPDPReg(AP reg 0x00, 0x80000002)
T25B0 000:737.199 - 0.163ms returns 0
T25B0 000:737.213 JLINK_CORESIGHT_WriteAPDPReg(AP reg 0x01, 0x80011140)
T25B0 000:737.406 - 0.193ms returns 0
T25B0 000:737.461 JLINK_CORESIGHT_ReadAPDPReg(AP reg 0x03)
T25B0 000:737.711   Value=0x00000000
T25B0 000:737.739 - 0.278ms returns 0
T25B0 000:737.754 JLINK_CORESIGHT_WriteAPDPReg(AP reg 0x00, 0x80000002)
T25B0 000:737.949 - 0.194ms returns 0
T25B0 000:737.998 JLINK_CORESIGHT_WriteAPDPReg(AP reg 0x01, 0x80011130)
T25B0 000:738.175 - 0.177ms returns 0
T25B0 000:738.195 JLINK_CORESIGHT_ReadAPDPReg(AP reg 0x03)
T25B0 000:738.433   Value=0x32543841
T25B0 000:738.468 - 0.272ms returns 0
T25B0 000:738.482 JLINK_CORESIGHT_WriteAPDPReg(AP reg 0x00, 0x80000002)
T25B0 000:738.644 - 0.161ms returns 0
T25B0 000:738.661 JLINK_CORESIGHT_WriteAPDPReg(AP reg 0x01, 0x80011140)
T25B0 000:738.843 - 0.181ms returns 0
T25B0 000:738.858 JLINK_CORESIGHT_ReadAPDPReg(AP reg 0x03)
T25B0 000:739.079   Value=0x00000000
T25B0 000:739.105 - 0.247ms returns 0
T25B0 000:739.118 JLINK_CORESIGHT_WriteAPDPReg(AP reg 0x00, 0x80000002)
T25B0 000:739.300 - 0.182ms returns 0
T25B0 000:739.315 JLINK_CORESIGHT_WriteAPDPReg(AP reg 0x01, 0x80011130)
T25B0 000:739.497 - 0.182ms returns 0
T25B0 000:739.511 JLINK_CORESIGHT_ReadAPDPReg(AP reg 0x03)
T25B0 000:739.722   Value=0x434C465A
T25B0 000:739.740 - 0.229ms returns 0
T25B0 000:739.752 JLINK_CORESIGHT_WriteAPDPReg(AP reg 0x00, 0x80000002)
T25B0 000:739.910 - 0.157ms returns 0
T25B0 000:739.930 JLINK_CORESIGHT_WriteAPDPReg(AP reg 0x01, 0x80011140)
T25B0 000:740.122 - 0.192ms returns 0
T25B0 000:740.142 JLINK_CORESIGHT_ReadAPDPReg(AP reg 0x03)
T25B0 000:740.394   Value=0x00000000
T25B0 000:740.411 - 0.269ms returns 0
T25B0 000:740.424 JLINK_CORESIGHT_WriteAPDPReg(AP reg 0x00, 0x80000002)
T25B0 000:740.610 - 0.186ms returns 0
T25B0 000:740.624 JLINK_CORESIGHT_WriteAPDPReg(AP reg 0x01, 0x80011130)
T25B0 000:740.779 - 0.155ms returns 0
T25B0 000:740.793 JLINK_CORESIGHT_ReadAPDPReg(AP reg 0x03)
T25B0 000:741.006   Value=0x20204341
T25B0 000:741.024 - 0.231ms returns 0
T25B0 000:741.038 JLINK_CORESIGHT_WriteAPDPReg(AP reg 0x00, 0x80000002)
T25B0 000:741.218 - 0.180ms returns 0
T25B0 000:741.233 JLINK_CORESIGHT_WriteAPDPReg(AP reg 0x01, 0x80011140)
T25B0 000:741.394 - 0.161ms returns 0
T25B0 000:741.408 JLINK_CORESIGHT_ReadAPDPReg(AP reg 0x03)
T25B0 000:741.626   Value=0x00000000
T25B0 000:741.646 - 0.237ms returns 0
T25B0 000:741.659 JLINK_CORESIGHT_WriteAPDPReg(AP reg 0x00, 0x80000002)
T25B0 000:741.845 - 0.186ms returns 0
T25B0 000:741.860 JLINK_CORESIGHT_WriteAPDPReg(AP reg 0x01, 0x80011130)
T25B0 000:742.107 - 0.246ms returns 0
T25B0 000:742.128 JLINK_CORESIGHT_ReadAPDPReg(AP reg 0x03)
T25B0 000:742.399   Value=0x0003B820
T25B0 000:742.433 - 0.304ms returns 0
T25B0 000:744.704 JLINK_CORESIGHT_WriteAPDPReg(AP reg 0x00, 0x80000002)
T25B0 000:744.916 - 0.213ms returns 0
T25B0 000:744.940 JLINK_CORESIGHT_WriteAPDPReg(AP reg 0x01, 0x80011140)
T25B0 000:745.126 - 0.186ms returns 0
T25B0 000:745.144 JLINK_CORESIGHT_ReadAPDPReg(AP reg 0x03)
T25B0 000:745.394   Value=0x00000002
T25B0 000:745.412 - 0.268ms returns 0
T25B0 000:745.425 JLINK_CORESIGHT_WriteAPDPReg(AP reg 0x00, 0x80000002)
T25B0 000:745.605 - 0.180ms returns 0
T25B0 000:745.620 JLINK_CORESIGHT_WriteAPDPReg(AP reg 0x01, 0x80011120)
T25B0 000:745.775 - 0.154ms returns 0
T25B0 000:745.789 JLINK_CORESIGHT_WriteAPDPReg(AP reg 0x03, 0x39020001)
T25B0 000:745.971 - 0.181ms returns 0
T25B0 000:745.989 JLINK_CORESIGHT_WriteAPDPReg(AP reg 0x00, 0x80000002)
T25B0 000:746.161 - 0.171ms returns 0
T25B0 000:746.181 JLINK_CORESIGHT_WriteAPDPReg(AP reg 0x01, 0x80011140)
T25B0 000:746.396 - 0.214ms returns 0
T25B0 000:746.417 JLINK_CORESIGHT_ReadAPDPReg(AP reg 0x03)
T25B0 000:746.636   Value=0x00000002
T25B0 000:746.659 - 0.242ms returns 0
T25B0 000:746.671 JLINK_CORESIGHT_WriteAPDPReg(AP reg 0x00, 0x80000002)
T25B0 000:746.856 - 0.184ms returns 0
T25B0 000:746.871 JLINK_CORESIGHT_WriteAPDPReg(AP reg 0x01, 0x80011120)
T25B0 000:747.032 - 0.161ms returns 0
T25B0 000:747.050 JLINK_CORESIGHT_WriteAPDPReg(AP reg 0x03, 0x0003B312)
T25B0 000:747.207 - 0.156ms returns 0
T25B0 000:747.223 JLINK_CORESIGHT_WriteAPDPReg(AP reg 0x00, 0x80000002)
T25B0 000:747.395 - 0.172ms returns 0
T25B0 000:747.410 JLINK_CORESIGHT_WriteAPDPReg(AP reg 0x01, 0x80011140)
T25B0 000:747.590 - 0.180ms returns 0
T25B0 000:747.604 JLINK_CORESIGHT_ReadAPDPReg(AP reg 0x03)
T25B0 000:747.824   Value=0x00000000
T25B0 000:747.843 - 0.238ms returns 0
T25B0 000:747.855 JLINK_CORESIGHT_WriteAPDPReg(AP reg 0x00, 0x80000002)
T25B0 000:748.039 - 0.183ms returns 0
T25B0 000:748.059 JLINK_CORESIGHT_WriteAPDPReg(AP reg 0x01, 0x80011130)
T25B0 000:748.221 - 0.162ms returns 0
T25B0 000:748.236 JLINK_CORESIGHT_ReadAPDPReg(AP reg 0x03)
T25B0 000:748.456   Value=0xB90A0081
T25B0 000:748.475 - 0.238ms returns 0
T25B0 000:748.488 JLINK_CORESIGHT_WriteAPDPReg(AP reg 0x00, 0x80000002)
T25B0 000:748.671 - 0.183ms returns 0
T25B0 000:748.685 JLINK_CORESIGHT_WriteAPDPReg(AP reg 0x01, 0x80011140)
T25B0 000:748.838 - 0.153ms returns 0
T25B0 000:748.853 JLINK_CORESIGHT_ReadAPDPReg(AP reg 0x03)
T25B0 000:749.067   Value=0x00000000
T25B0 000:749.086 - 0.233ms returns 0
T25B0 000:749.098 JLINK_CORESIGHT_WriteAPDPReg(AP reg 0x00, 0x80000002)
T25B0 000:749.278 - 0.180ms returns 0
T25B0 000:749.293 JLINK_CORESIGHT_WriteAPDPReg(AP reg 0x01, 0x80011130)
T25B0 000:749.510 - 0.217ms returns 0
T25B0 000:749.527 JLINK_CORESIGHT_ReadAPDPReg(AP reg 0x03)
T25B0 000:749.758   Value=0xFFFFFFC0
T25B0 000:749.786 - 0.259ms returns 0
T25B0 000:749.800 JLINK_CORESIGHT_WriteAPDPReg(AP reg 0x00, 0x80000002)
T25B0 000:749.965 - 0.164ms returns 0
T25B0 000:749.987 JLINK_CORESIGHT_WriteAPDPReg(AP reg 0x01, 0x80011140)
T25B0 000:750.217 - 0.228ms returns 0
T25B0 000:750.279 JLINK_CORESIGHT_ReadAPDPReg(AP reg 0x03)
T25B0 000:750.560   Value=0x00000000
T25B0 000:750.587 - 0.308ms returns 0
T25B0 000:750.601 JLINK_CORESIGHT_WriteAPDPReg(AP reg 0x00, 0x80000002)
T25B0 000:750.792 - 0.191ms returns 0
T25B0 000:750.807 JLINK_CORESIGHT_WriteAPDPReg(AP reg 0x01, 0x80011130)
T25B0 000:750.990 - 0.183ms returns 0
T25B0 000:751.005 JLINK_CORESIGHT_ReadAPDPReg(AP reg 0x03)
T25B0 000:751.217   Value=0xFFFFFFFF
T25B0 000:751.234 - 0.229ms returns 0
T25B0 000:751.247 JLINK_CORESIGHT_WriteAPDPReg(AP reg 0x00, 0x80000002)
T25B0 000:751.430 - 0.183ms returns 0
T25B0 000:751.444 JLINK_CORESIGHT_WriteAPDPReg(AP reg 0x01, 0x80011140)
T25B0 000:751.641 - 0.197ms returns 0
T25B0 000:751.656 JLINK_CORESIGHT_ReadAPDPReg(AP reg 0x03)
T25B0 000:751.868   Value=0x00000000
T25B0 000:751.888 - 0.233ms returns 0
T25B0 000:751.902 JLINK_CORESIGHT_WriteAPDPReg(AP reg 0x00, 0x80000002)
T25B0 000:752.119 - 0.216ms returns 0
T25B0 000:752.150 JLINK_CORESIGHT_WriteAPDPReg(AP reg 0x01, 0x80011130)
T25B0 000:752.395 - 0.245ms returns 0
T25B0 000:752.413 JLINK_CORESIGHT_ReadAPDPReg(AP reg 0x03)
T25B0 000:752.672   Value=0x000385FF
T25B0 000:752.690 - 0.277ms returns 0
T25B0 000:752.772 JLINK_CORESIGHT_WriteAPDPReg(AP reg 0x00, 0x80000002)
T25B0 000:752.940 - 0.168ms returns 0
T25B0 000:752.966 JLINK_CORESIGHT_WriteAPDPReg(AP reg 0x01, 0x80011140)
T25B0 000:753.180 - 0.214ms returns 0
T25B0 000:753.201 JLINK_CORESIGHT_ReadAPDPReg(AP reg 0x03)
T25B0 000:753.426   Value=0x00000002
T25B0 000:753.451 - 0.250ms returns 0
T25B0 000:753.465 JLINK_CORESIGHT_WriteAPDPReg(AP reg 0x00, 0x80000002)
T25B0 000:753.661 - 0.196ms returns 0
T25B0 000:753.676 JLINK_CORESIGHT_WriteAPDPReg(AP reg 0x01, 0x80011120)
T25B0 000:753.856 - 0.180ms returns 0
T25B0 000:753.870 JLINK_CORESIGHT_WriteAPDPReg(AP reg 0x03, 0x2C010001)
T25B0 000:754.025 - 0.154ms returns 0
T25B0 000:754.042 JLINK_CORESIGHT_WriteAPDPReg(AP reg 0x00, 0x80000002)
T25B0 000:754.206 - 0.163ms returns 0
T25B0 000:754.228 JLINK_CORESIGHT_WriteAPDPReg(AP reg 0x01, 0x80011140)
T25B0 000:754.394 - 0.166ms returns 0
T25B0 000:754.408 JLINK_CORESIGHT_ReadAPDPReg(AP reg 0x03)
T25B0 000:754.622   Value=0x00000002
T25B0 000:754.639 - 0.231ms returns 0
T25B0 000:754.652 JLINK_CORESIGHT_WriteAPDPReg(AP reg 0x00, 0x80000002)
T25B0 000:754.807 - 0.155ms returns 0
T25B0 000:754.821 JLINK_CORESIGHT_WriteAPDPReg(AP reg 0x01, 0x80011120)
T25B0 000:755.003 - 0.181ms returns 0
T25B0 000:755.020 JLINK_CORESIGHT_WriteAPDPReg(AP reg 0x03, 0x000003D3)
T25B0 000:755.202 - 0.182ms returns 0
T25B0 000:755.216 JLINK_CORESIGHT_WriteAPDPReg(AP reg 0x00, 0x80000002)
T25B0 000:755.393 - 0.177ms returns 0
T25B0 000:755.408 JLINK_CORESIGHT_WriteAPDPReg(AP reg 0x01, 0x80011140)
T25B0 000:755.593 - 0.184ms returns 0
T25B0 000:755.607 JLINK_CORESIGHT_ReadAPDPReg(AP reg 0x03)
T25B0 000:755.817   Value=0x00000002
T25B0 000:755.834 - 0.227ms returns 0
T25B0 000:755.847 JLINK_CORESIGHT_ReadAPDPReg(AP reg 0x03)
T25B0 000:756.067   Value=0x00000000
T25B0 000:756.088 - 0.241ms returns 0
T25B0 000:756.101 JLINK_CORESIGHT_WriteAPDPReg(AP reg 0x00, 0x80000002)
T25B0 000:756.284 - 0.183ms returns 0
T25B0 000:756.298 JLINK_CORESIGHT_WriteAPDPReg(AP reg 0x01, 0x80011130)
T25B0 000:756.497 - 0.199ms returns 0
T25B0 000:756.512 JLINK_CORESIGHT_ReadAPDPReg(AP reg 0x03)
T25B0 000:756.723   Value=0x2C020081
T25B0 000:756.742 - 0.230ms returns 0
T25B0 000:756.754 JLINK_CORESIGHT_WriteAPDPReg(AP reg 0x00, 0x80000002)
T25B0 000:756.935 - 0.180ms returns 0
T25B0 000:756.957 JLINK_CORESIGHT_WriteAPDPReg(AP reg 0x01, 0x80011140)
T25B0 000:757.117 - 0.160ms returns 0
T25B0 000:757.134 JLINK_CORESIGHT_ReadAPDPReg(AP reg 0x03)
T25B0 000:757.395   Value=0x00000000
T25B0 000:757.413 - 0.278ms returns 0
T25B0 000:757.425 JLINK_CORESIGHT_WriteAPDPReg(AP reg 0x00, 0x80000002)
T25B0 000:757.661 - 0.234ms returns 0
T25B0 000:757.729 JLINK_CORESIGHT_WriteAPDPReg(AP reg 0x01, 0x80011130)
T25B0 000:758.042 - 0.312ms returns 0
T25B0 000:758.121 JLINK_CORESIGHT_ReadAPDPReg(AP reg 0x03)
T25B0 000:758.401   Value=0x0003CE04
T25B0 000:758.430 - 0.310ms returns 0
T25B0 000:758.448 JLINK_CORESIGHT_WriteAPDPReg(AP reg 0x00, 0x80000002)
T25B0 000:758.641 - 0.193ms returns 0
T25B0 000:758.655 JLINK_CORESIGHT_WriteAPDPReg(AP reg 0x01, 0x80011140)
T25B0 000:758.810 - 0.154ms returns 0
T25B0 000:758.825 JLINK_CORESIGHT_ReadAPDPReg(AP reg 0x03)
T25B0 000:759.038   Value=0x00000002
T25B0 000:759.060 - 0.236ms returns 0
T25B0 000:759.074 JLINK_CORESIGHT_WriteAPDPReg(AP reg 0x00, 0x80000002)
T25B0 000:759.256 - 0.182ms returns 0
T25B0 000:759.271 JLINK_CORESIGHT_WriteAPDPReg(AP reg 0x01, 0x80011120)
T25B0 000:759.519 - 0.248ms returns 0
T25B0 000:759.534 JLINK_CORESIGHT_WriteAPDPReg(AP reg 0x03, 0x73010001)
T25B0 000:759.688 - 0.154ms returns 0
T25B0 000:759.703 JLINK_CORESIGHT_WriteAPDPReg(AP reg 0x00, 0x80000002)
T25B0 000:759.885 - 0.181ms returns 0
T25B0 000:759.899 JLINK_CORESIGHT_WriteAPDPReg(AP reg 0x01, 0x80011140)
T25B0 000:760.110 - 0.211ms returns 0
T25B0 000:760.128 JLINK_CORESIGHT_ReadAPDPReg(AP reg 0x03)
T25B0 000:760.394   Value=0x00000002
T25B0 000:760.412 - 0.284ms returns 0
T25B0 000:760.425 JLINK_CORESIGHT_WriteAPDPReg(AP reg 0x00, 0x80000002)
T25B0 000:760.605 - 0.180ms returns 0
T25B0 000:760.619 JLINK_CORESIGHT_WriteAPDPReg(AP reg 0x01, 0x80011120)
T25B0 000:760.773 - 0.154ms returns 0
T25B0 000:760.787 JLINK_CORESIGHT_WriteAPDPReg(AP reg 0x03, 0x0000038C)
T25B0 000:760.998 - 0.210ms returns 0
T25B0 000:761.033 JLINK_CORESIGHT_WriteAPDPReg(AP reg 0x00, 0x80000002)
T25B0 000:761.241 - 0.209ms returns 0
T25B0 000:761.265 JLINK_CORESIGHT_WriteAPDPReg(AP reg 0x01, 0x80011140)
T25B0 000:761.519 - 0.254ms returns 0
T25B0 000:761.537 JLINK_CORESIGHT_ReadAPDPReg(AP reg 0x03)
T25B0 000:761.762   Value=0x00000002
T25B0 000:761.780 - 0.243ms returns 0
T25B0 000:761.795 JLINK_CORESIGHT_ReadAPDPReg(AP reg 0x03)
T25B0 000:762.019   Value=0x00000002
T25B0 000:762.043 - 0.247ms returns 0
T25B0 000:762.060 JLINK_CORESIGHT_ReadAPDPReg(AP reg 0x03)
T25B0 000:762.394   Value=0x00000002
T25B0 000:762.417 - 0.356ms returns 0
T25B0 000:762.433 JLINK_CORESIGHT_ReadAPDPReg(AP reg 0x03)
T25B0 000:762.689   Value=0x00000002
T25B0 000:762.707 - 0.274ms returns 0
T25B0 000:762.722 JLINK_CORESIGHT_ReadAPDPReg(AP reg 0x03)
T25B0 000:762.949   Value=0x00000002
T25B0 000:762.969 - 0.246ms returns 0
T25B0 000:762.983 JLINK_CORESIGHT_ReadAPDPReg(AP reg 0x03)
T25B0 000:763.205   Value=0x00000002
T25B0 000:763.223 - 0.239ms returns 0
T25B0 000:763.238 JLINK_CORESIGHT_ReadAPDPReg(AP reg 0x03)
T25B0 000:763.456   Value=0x00000000
T25B0 000:763.473 - 0.235ms returns 0
T25B0 000:763.488 JLINK_CORESIGHT_WriteAPDPReg(AP reg 0x00, 0x80000002)
T25B0 000:763.678 - 0.189ms returns 0
T25B0 000:763.695 JLINK_CORESIGHT_WriteAPDPReg(AP reg 0x01, 0x80011130)
T25B0 000:763.890 - 0.195ms returns 0
T25B0 000:763.908 JLINK_CORESIGHT_ReadAPDPReg(AP reg 0x03)
T25B0 000:764.262   Value=0x73020081
T25B0 000:764.284 - 0.376ms returns 0
T25B0 000:764.300 JLINK_CORESIGHT_WriteAPDPReg(AP reg 0x00, 0x80000002)
T25B0 000:764.498 - 0.197ms returns 0
T25B0 000:764.515 JLINK_CORESIGHT_WriteAPDPReg(AP reg 0x01, 0x80011140)
T25B0 000:764.709 - 0.193ms returns 0
T25B0 000:764.726 JLINK_CORESIGHT_ReadAPDPReg(AP reg 0x03)
T25B0 000:764.954   Value=0x00000000
T25B0 000:764.999 - 0.273ms returns 0
T25B0 000:765.015 JLINK_CORESIGHT_WriteAPDPReg(AP reg 0x00, 0x80000002)
T25B0 000:765.208 - 0.193ms returns 0
T25B0 000:765.226 JLINK_CORESIGHT_WriteAPDPReg(AP reg 0x01, 0x80011130)
T25B0 000:765.527 - 0.301ms returns 0
T25B0 000:765.557 JLINK_CORESIGHT_ReadAPDPReg(AP reg 0x03)
T25B0 000:765.798   Value=0x00038902
T25B0 000:765.823 - 0.266ms returns 0
T25B0 000:765.851 JLINK_CORESIGHT_WriteAPDPReg(AP reg 0x00, 0x80000002)
T25B0 000:766.046 - 0.195ms returns 0
T25B0 000:766.078 JLINK_CORESIGHT_WriteAPDPReg(AP reg 0x01, 0x80011140)
T25B0 000:766.238 - 0.160ms returns 0
T25B0 000:766.263 JLINK_CORESIGHT_ReadAPDPReg(AP reg 0x03)
T25B0 000:766.551   Value=0x00000002
T25B0 000:766.569 - 0.306ms returns 0
T25B0 000:766.585 JLINK_CORESIGHT_WriteAPDPReg(AP reg 0x00, 0x80000002)
T25B0 000:766.776 - 0.191ms returns 0
T25B0 000:766.793 JLINK_CORESIGHT_WriteAPDPReg(AP reg 0x01, 0x80011120)
T25B0 000:767.013 - 0.219ms returns 0
T25B0 000:767.601 JLINK_CORESIGHT_WriteAPDPReg(AP reg 0x03, 0x75010001)
T25B0 000:767.815 - 0.215ms returns 0
T25B0 000:767.829 JLINK_CORESIGHT_WriteAPDPReg(AP reg 0x00, 0x80000002)
T25B0 000:768.018 - 0.189ms returns 0
T25B0 000:768.035 JLINK_CORESIGHT_WriteAPDPReg(AP reg 0x01, 0x80011140)
T25B0 000:768.193 - 0.157ms returns 0
T25B0 000:768.208 JLINK_CORESIGHT_ReadAPDPReg(AP reg 0x03)
T25B0 000:768.425   Value=0x00000002
T25B0 000:768.443 - 0.235ms returns 0
T25B0 000:768.455 JLINK_CORESIGHT_WriteAPDPReg(AP reg 0x00, 0x80000002)
T25B0 000:768.636 - 0.181ms returns 0
T25B0 000:768.650 JLINK_CORESIGHT_WriteAPDPReg(AP reg 0x01, 0x80011120)
T25B0 000:768.831 - 0.181ms returns 0
T25B0 000:768.845 JLINK_CORESIGHT_WriteAPDPReg(AP reg 0x03, 0x0000038A)
T25B0 000:769.029 - 0.184ms returns 0
T25B0 000:769.044 JLINK_CORESIGHT_WriteAPDPReg(AP reg 0x00, 0x80000002)
T25B0 000:769.224 - 0.180ms returns 0
T25B0 000:769.239 JLINK_CORESIGHT_WriteAPDPReg(AP reg 0x01, 0x80011140)
T25B0 000:769.399 - 0.159ms returns 0
T25B0 000:769.433 JLINK_CORESIGHT_ReadAPDPReg(AP reg 0x03)
T25B0 000:769.667   Value=0x00000002
T25B0 000:769.693 - 0.260ms returns 0
T25B0 000:769.707 JLINK_CORESIGHT_ReadAPDPReg(AP reg 0x03)
T25B0 000:769.936   Value=0x00000002
T25B0 000:769.962 - 0.254ms returns 0
T25B0 000:769.983 JLINK_CORESIGHT_ReadAPDPReg(AP reg 0x03)
T25B0 000:770.198   Value=0x00000002
T25B0 000:770.223 - 0.240ms returns 0
T25B0 000:770.237 JLINK_CORESIGHT_ReadAPDPReg(AP reg 0x03)
T25B0 000:770.456   Value=0x00000002
T25B0 000:770.477 - 0.239ms returns 0
T25B0 000:770.490 JLINK_CORESIGHT_ReadAPDPReg(AP reg 0x03)
T25B0 000:770.703   Value=0x00000002
T25B0 000:770.727 - 0.237ms returns 0
T25B0 000:770.740 JLINK_CORESIGHT_ReadAPDPReg(AP reg 0x03)
T25B0 000:770.960   Value=0x00000002
T25B0 000:770.984 - 0.244ms returns 0
T25B0 000:770.997 JLINK_CORESIGHT_ReadAPDPReg(AP reg 0x03)
T25B0 000:771.210   Value=0x00000002
T25B0 000:771.227 - 0.230ms returns 0
T25B0 000:771.239 JLINK_CORESIGHT_ReadAPDPReg(AP reg 0x03)
T25B0 000:771.456   Value=0x00000002
T25B0 000:771.473 - 0.234ms returns 0
T25B0 000:771.486 JLINK_CORESIGHT_ReadAPDPReg(AP reg 0x03)
T25B0 000:771.697   Value=0x00000002
T25B0 000:771.715 - 0.229ms returns 0
T25B0 000:771.727 JLINK_CORESIGHT_ReadAPDPReg(AP reg 0x03)
T25B0 000:772.065   Value=0x00000000
T25B0 000:772.155 - 0.427ms returns 0
T25B0 000:772.214 JLINK_CORESIGHT_WriteAPDPReg(AP reg 0x00, 0x80000002)
T25B0 000:772.501 - 0.288ms returns 0
T25B0 000:772.523 JLINK_CORESIGHT_WriteAPDPReg(AP reg 0x01, 0x80011130)
T25B0 000:772.680 - 0.157ms returns 0
T25B0 000:772.695 JLINK_CORESIGHT_ReadAPDPReg(AP reg 0x03)
T25B0 000:772.909   Value=0x75020081
T25B0 000:772.943 - 0.248ms returns 0
T25B0 000:773.020 JLINK_CORESIGHT_WriteAPDPReg(AP reg 0x00, 0x80000002)
T25B0 000:773.189 - 0.168ms returns 0
T25B0 000:773.211 JLINK_CORESIGHT_WriteAPDPReg(AP reg 0x01, 0x80011140)
T25B0 000:773.400 - 0.188ms returns 0
T25B0 000:773.417 JLINK_CORESIGHT_ReadAPDPReg(AP reg 0x03)
T25B0 000:773.722   Value=0x00000000
T25B0 000:773.783 - 0.365ms returns 0
T25B0 000:773.809 JLINK_CORESIGHT_WriteAPDPReg(AP reg 0x00, 0x80000002)
T25B0 000:773.996 - 0.186ms returns 0
T25B0 000:774.050 JLINK_CORESIGHT_WriteAPDPReg(AP reg 0x01, 0x80011130)
T25B0 000:774.252 - 0.201ms returns 0
T25B0 000:774.293 JLINK_CORESIGHT_ReadAPDPReg(AP reg 0x03)
T25B0 000:774.562   Value=0x00038702
T25B0 000:774.623 - 0.329ms returns 0
T25B0 000:774.662 JLINK_CORESIGHT_WriteAPDPReg(AP reg 0x00, 0x80000002)
T25B0 000:774.871 - 0.208ms returns 0
T25B0 000:774.896 JLINK_CORESIGHT_WriteAPDPReg(AP reg 0x01, 0x80011140)
T25B0 000:775.125 - 0.229ms returns 0
T25B0 000:775.154 JLINK_CORESIGHT_ReadAPDPReg(AP reg 0x03)
T25B0 000:775.400   Value=0x00000002
T25B0 000:775.451 - 0.297ms returns 0
T25B0 000:775.482 JLINK_CORESIGHT_WriteAPDPReg(AP reg 0x00, 0x80000002)
T25B0 000:775.685 - 0.203ms returns 0
T25B0 000:775.709 JLINK_CORESIGHT_WriteAPDPReg(AP reg 0x01, 0x80011120)
T25B0 000:775.908 - 0.198ms returns 0
T25B0 000:775.954 JLINK_CORESIGHT_WriteAPDPReg(AP reg 0x03, 0x4F010001)
T25B0 000:776.177 - 0.223ms returns 0
T25B0 000:776.210 JLINK_CORESIGHT_WriteAPDPReg(AP reg 0x00, 0x80000002)
T25B0 000:776.424 - 0.214ms returns 0
T25B0 000:776.441 JLINK_CORESIGHT_WriteAPDPReg(AP reg 0x01, 0x80011140)
T25B0 000:776.664 - 0.222ms returns 0
T25B0 000:776.692 JLINK_CORESIGHT_ReadAPDPReg(AP reg 0x03)
T25B0 000:776.922   Value=0x00000002
T25B0 000:776.941 - 0.249ms returns 0
T25B0 000:776.955 JLINK_CORESIGHT_WriteAPDPReg(AP reg 0x00, 0x80000002)
T25B0 000:777.112 - 0.157ms returns 0
T25B0 000:777.127 JLINK_CORESIGHT_WriteAPDPReg(AP reg 0x01, 0x80011120)
T25B0 000:777.397 - 0.270ms returns 0
T25B0 000:777.417 JLINK_CORESIGHT_WriteAPDPReg(AP reg 0x03, 0x000003B0)
T25B0 000:777.624 - 0.206ms returns 0
T25B0 000:777.639 JLINK_CORESIGHT_WriteAPDPReg(AP reg 0x00, 0x80000002)
T25B0 000:777.835 - 0.195ms returns 0
T25B0 000:777.850 JLINK_CORESIGHT_WriteAPDPReg(AP reg 0x01, 0x80011140)
T25B0 000:778.015 - 0.164ms returns 0
T25B0 000:778.034 JLINK_CORESIGHT_ReadAPDPReg(AP reg 0x03)
T25B0 000:778.272   Value=0x00000002
T25B0 000:778.290 - 0.256ms returns 0
T25B0 000:778.303 JLINK_CORESIGHT_ReadAPDPReg(AP reg 0x03)
T25B0 000:778.556   Value=0x00000002
T25B0 000:778.574 - 0.271ms returns 0
T25B0 000:778.586 JLINK_CORESIGHT_ReadAPDPReg(AP reg 0x03)
T25B0 000:778.803   Value=0x00000002
T25B0 000:778.820 - 0.234ms returns 0
T25B0 000:778.832 JLINK_CORESIGHT_ReadAPDPReg(AP reg 0x03)
T25B0 000:779.048   Value=0x00000002
T25B0 000:779.070 - 0.237ms returns 0
T25B0 000:779.082 JLINK_CORESIGHT_ReadAPDPReg(AP reg 0x03)
T25B0 000:779.407   Value=0x00000000
T25B0 000:779.470 - 0.388ms returns 0
T25B0 000:779.499 JLINK_CORESIGHT_WriteAPDPReg(AP reg 0x00, 0x80000002)
T25B0 000:779.741 - 0.242ms returns 0
T25B0 000:779.774 JLINK_CORESIGHT_WriteAPDPReg(AP reg 0x01, 0x80011130)
T25B0 000:779.974 - 0.200ms returns 0
T25B0 000:779.993 JLINK_CORESIGHT_ReadAPDPReg(AP reg 0x03)
T25B0 000:780.230   Value=0x4F0B0081
T25B0 000:780.249 - 0.256ms returns 0
T25B0 000:780.262 JLINK_CORESIGHT_WriteAPDPReg(AP reg 0x00, 0x80000002)
T25B0 000:780.456 - 0.194ms returns 0
T25B0 000:780.471 JLINK_CORESIGHT_WriteAPDPReg(AP reg 0x01, 0x80011140)
T25B0 000:780.666 - 0.195ms returns 0
T25B0 000:780.681 JLINK_CORESIGHT_ReadAPDPReg(AP reg 0x03)
T25B0 000:781.016   Value=0x00000000
T25B0 000:781.150 - 0.467ms returns 0
T25B0 000:781.210 JLINK_CORESIGHT_WriteAPDPReg(AP reg 0x00, 0x80000002)
T25B0 000:781.559 - 0.350ms returns 0
T25B0 000:781.596 JLINK_CORESIGHT_WriteAPDPReg(AP reg 0x01, 0x80011130)
T25B0 000:781.811 - 0.214ms returns 0
T25B0 000:781.860 JLINK_CORESIGHT_ReadAPDPReg(AP reg 0x03)
T25B0 000:782.265   Value=0x20000000
T25B0 000:782.306 - 0.446ms returns 0
T25B0 000:782.323 JLINK_CORESIGHT_WriteAPDPReg(AP reg 0x00, 0x80000002)
T25B0 000:782.533 - 0.210ms returns 0
T25B0 000:782.549 JLINK_CORESIGHT_WriteAPDPReg(AP reg 0x01, 0x80011140)
T25B0 000:782.712 - 0.163ms returns 0
T25B0 000:782.728 JLINK_CORESIGHT_ReadAPDPReg(AP reg 0x03)
T25B0 000:782.986   Value=0x00000000
T25B0 000:783.048 - 0.319ms returns 0
T25B0 000:783.075 JLINK_CORESIGHT_WriteAPDPReg(AP reg 0x00, 0x80000002)
T25B0 000:783.250 - 0.175ms returns 0
T25B0 000:783.271 JLINK_CORESIGHT_WriteAPDPReg(AP reg 0x01, 0x80011130)
T25B0 000:783.498 - 0.227ms returns 0
T25B0 000:783.513 JLINK_CORESIGHT_ReadAPDPReg(AP reg 0x03)
T25B0 000:783.729   Value=0x00000000
T25B0 000:783.747 - 0.234ms returns 0
T25B0 000:783.759 JLINK_CORESIGHT_WriteAPDPReg(AP reg 0x00, 0x80000002)
T25B0 000:783.928 - 0.168ms returns 0
T25B0 000:783.957 JLINK_CORESIGHT_WriteAPDPReg(AP reg 0x01, 0x80011140)
T25B0 000:784.117 - 0.160ms returns 0
T25B0 000:784.145 JLINK_CORESIGHT_ReadAPDPReg(AP reg 0x03)
T25B0 000:784.394   Value=0x00000000
T25B0 000:784.413 - 0.268ms returns 0
T25B0 000:784.425 JLINK_CORESIGHT_WriteAPDPReg(AP reg 0x00, 0x80000002)
T25B0 000:784.613 - 0.187ms returns 0
T25B0 000:784.627 JLINK_CORESIGHT_WriteAPDPReg(AP reg 0x01, 0x80011130)
T25B0 000:784.810 - 0.182ms returns 0
T25B0 000:784.824 JLINK_CORESIGHT_ReadAPDPReg(AP reg 0x03)
T25B0 000:785.037   Value=0x03860000
T25B0 000:785.060 - 0.235ms returns 0
T25B0 000:785.424 JLINK_CORESIGHT_ReadAPDPReg(DP reg 0x01)
T25B0 000:785.641   Value=0xF0000F40
T25B0 000:785.659 - 0.235ms returns 0
T25B0 000:785.672 JLINK_CORESIGHT_WriteAPDPReg(DP reg 0x01, 0xA0000F40)
T25B0 000:785.827 - 0.155ms returns 0
T25B0 000:785.842 JLINK_CORESIGHT_ReadAPDPReg(DP reg 0x01)
T25B0 000:786.029   Value=0x00000F40
T25B0 000:786.053 - 0.211ms returns 0
T25B0 000:786.066 JLINK_ClrRESET()
T25B0 000:786.292 - 0.224ms 
T25B0 000:889.247 JLINK_Close()
T25B0 000:903.287 - 14.039ms
T25B0 000:903.356   
T25B0 000:903.368   Closed
